<?xml version="1.0" encoding="UTF-8"?>
<testsuite xmlns:xsi="http://www.w3.org/2001/XMLSchema-instance" xsi:noNamespaceSchemaLocation="https://maven.apache.org/surefire/maven-surefire-plugin/xsd/surefire-test-report.xsd" name="br.com.controlefinanceiro.ControleFinanceiroApplicationTests" time="3.923" tests="1" errors="1" skipped="0" failures="0">
  <properties>
[...]
</properties>
  <testcase name="contextLoads" classname="br.com.controlefinanceiro.ControleFinanceiroApplicationTests" time="0.001">
    <error message="Failed to load ApplicationContext" type="java.lang.IllegalStateException">java.lang.IllegalStateException: Failed to load ApplicationContext
Caused by: org.springframework.beans.factory.UnsatisfiedDependencyException: Error creating bean with name 'documentationPluginsBootstrapper' defined in URL [jar:file:/home/bruno_silva/.m2/repository/io/springfox/springfox-spring-web/2.9.2/springfox-spring-web-2.9.2.jar!/springfox/documentation/spring/web/plugins/DocumentationPluginsBootstrapper.class]: Unsatisfied dependency expressed through constructor parameter 1; nested exception is org.springframework.beans.factory.UnsatisfiedDependencyException: Error creating bean with name 'webMvcRequestHandlerProvider' defined in URL [jar:file:/home/bruno_silva/.m2/repository/io/springfox/springfox-spring-web/2.9.2/springfox-spring-web-2.9.2.jar!/springfox/documentation/spring/web/plugins/WebMvcRequestHandlerProvider.class]: Unsatisfied dependency expressed through constructor parameter 1; nested exception is org.springframework.beans.factory.UnsatisfiedDependencyException: Error creating bean with name 'requestMappingHandlerMapping' defined in class path resource [org/springframework/boot/autoconfigure/web/servlet/WebMvcAutoConfiguration$EnableWebMvcConfiguration.class]: Unsatisfied dependency expressed through method 'requestMappingHandlerMapping' parameter 1; nested exception is org.springframework.beans.factory.BeanCreationException: Error creating bean with name 'mvcConversionService' defined in class path resource [org/springframework/boot/autoconfigure/web/servlet/WebMvcAutoConfiguration$EnableWebMvcConfiguration.class]: Bean instantiation via factory method failed; nested exception is org.springframework.beans.BeanInstantiationException: Failed to instantiate [org.springframework.format.support.FormattingConversionService]: Factory method 'mvcConversionService' threw exception; nested exception is org.springframework.beans.factory.BeanCreationException: Error creating bean with name 'jsonSchemaConverter' defined in class path resource [org/springframework/data/rest/webmvc/config/RepositoryRestMvcConfiguration.class]: Bean instantiation via factory method failed; nested exception is org.springframework.beans.BeanInstantiationException: Failed to instantiate [org.springframework.data.rest.webmvc.json.PersistentEntityToJsonSchemaConverter]: Factory method 'jsonSchemaConverter' threw exception; nested exception is org.springframework.beans.factory.BeanCreationException: Error creating bean with name 'defaultConversionService' defined in class path resource [org/springframework/data/rest/webmvc/config/RepositoryRestMvcConfiguration.class]: Bean instantiation via factory method failed; nested exception is org.springframework.beans.BeanInstantiationException: Failed to instantiate [org.springframework.format.support.DefaultFormattingConversionService]: Factory method 'defaultConversionService' threw exception; nested exception is org.springframework.beans.factory.BeanCreationException: Error creating bean with name 'repositoryInvokerFactory' defined in class path resource [org/springframework/data/rest/webmvc/config/RepositoryRestMvcConfiguration.class]: Bean instantiation via factory method failed; nested exception is org.springframework.beans.BeanInstantiationException: Failed to instantiate [org.springframework.data.repository.support.RepositoryInvokerFactory]: Factory method 'repositoryInvokerFactory' threw exception; nested exception is java.lang.NoSuchMethodError: org.springframework.plugin.core.PluginRegistry.of(Ljava/util/List;)Lorg/springframework/plugin/core/PluginRegistry;
Caused by: org.springframework.beans.factory.UnsatisfiedDependencyException: Error creating bean with name 'webMvcRequestHandlerProvider' defined in URL [jar:file:/home/bruno_silva/.m2/repository/io/springfox/springfox-spring-web/2.9.2/springfox-spring-web-2.9.2.jar!/springfox/documentation/spring/web/plugins/WebMvcRequestHandlerProvider.class]: Unsatisfied dependency expressed through constructor parameter 1; nested exception is org.springframework.beans.factory.UnsatisfiedDependencyException: Error creating bean with name 'requestMappingHandlerMapping' defined in class path resource [org/springframework/boot/autoconfigure/web/servlet/WebMvcAutoConfiguration$EnableWebMvcConfiguration.class]: Unsatisfied dependency expressed through method 'requestMappingHandlerMapping' parameter 1; nested exception is org.springframework.beans.factory.BeanCreationException: Error creating bean with name 'mvcConversionService' defined in class path resource [org/springframework/boot/autoconfigure/web/servlet/WebMvcAutoConfiguration$EnableWebMvcConfiguration.class]: Bean instantiation via factory method failed; nested exception is org.springframework.beans.BeanInstantiationException: Failed to instantiate [org.springframework.format.support.FormattingConversionService]: Factory method 'mvcConversionService' threw exception; nested exception is org.springframework.beans.factory.BeanCreationException: Error creating bean with name 'jsonSchemaConverter' defined in class path resource [org/springframework/data/rest/webmvc/config/RepositoryRestMvcConfiguration.class]: Bean instantiation via factory method failed; nested exception is org.springframework.beans.BeanInstantiationException: Failed to instantiate [org.springframework.data.rest.webmvc.json.PersistentEntityToJsonSchemaConverter]: Factory method 'jsonSchemaConverter' threw exception; nested exception is org.springframework.beans.factory.BeanCreationException: Error creating bean with name 'defaultConversionService' defined in class path resource [org/springframework/data/rest/webmvc/config/RepositoryRestMvcConfiguration.class]: Bean instantiation via factory method failed; nested exception is org.springframework.beans.BeanInstantiationException: Failed to instantiate [org.springframework.format.support.DefaultFormattingConversionService]: Factory method 'defaultConversionService' threw exception; nested exception is org.springframework.beans.factory.BeanCreationException: Error creating bean with name 'repositoryInvokerFactory' defined in class path resource [org/springframework/data/rest/webmvc/config/RepositoryRestMvcConfiguration.class]: Bean instantiation via factory method failed; nested exception is org.springframework.beans.BeanInstantiationException: Failed to instantiate [org.springframework.data.repository.support.RepositoryInvokerFactory]: Factory method 'repositoryInvokerFactory' threw exception; nested exception is java.lang.NoSuchMethodError: org.springframework.plugin.core.PluginRegistry.of(Ljava/util/List;)Lorg/springframework/plugin/core/PluginRegistry;
Caused by: org.springframework.beans.factory.UnsatisfiedDependencyException: Error creating bean with name 'requestMappingHandlerMapping' defined in class path resource [org/springframework/boot/autoconfigure/web/servlet/WebMvcAutoConfiguration$EnableWebMvcConfiguration.class]: Unsatisfied dependency expressed through method 'requestMappingHandlerMapping' parameter 1; nested exception is org.springframework.beans.factory.BeanCreationException: Error creating bean with name 'mvcConversionService' defined in class path resource [org/springframework/boot/autoconfigure/web/servlet/WebMvcAutoConfiguration$EnableWebMvcConfiguration.class]: Bean instantiation via factory method failed; nested exception is org.springframework.beans.BeanInstantiationException: Failed to instantiate [org.springframework.format.support.FormattingConversionService]: Factory method 'mvcConversionService' threw exception; nested exception is org.springframework.beans.factory.BeanCreationException: Error creating bean with name 'jsonSchemaConverter' defined in class path resource [org/springframework/data/rest/webmvc/config/RepositoryRestMvcConfiguration.class]: Bean instantiation via factory method failed; nested exception is org.springframework.beans.BeanInstantiationException: Failed to instantiate [org.springframework.data.rest.webmvc.json.PersistentEntityToJsonSchemaConverter]: Factory method 'jsonSchemaConverter' threw exception; nested exception is org.springframework.beans.factory.BeanCreationException: Error creating bean with name 'defaultConversionService' defined in class path resource [org/springframework/data/rest/webmvc/config/RepositoryRestMvcConfiguration.class]: Bean instantiation via factory method failed; nested exception is org.springframework.beans.BeanInstantiationException: Failed to instantiate [org.springframework.format.support.DefaultFormattingConversionService]: Factory method 'defaultConversionService' threw exception; nested exception is org.springframework.beans.factory.BeanCreationException: Error creating bean with name 'repositoryInvokerFactory' defined in class path resource [org/springframework/data/rest/webmvc/config/RepositoryRestMvcConfiguration.class]: Bean instantiation via factory method failed; nested exception is org.springframework.beans.BeanInstantiationException: Failed to instantiate [org.springframework.data.repository.support.RepositoryInvokerFactory]: Factory method 'repositoryInvokerFactory' threw exception; nested exception is java.lang.NoSuchMethodError: org.springframework.plugin.core.PluginRegistry.of(Ljava/util/List;)Lorg/springframework/plugin/core/PluginRegistry;
Caused by: org.springframework.beans.factory.BeanCreationException: Error creating bean with name 'mvcConversionService' defined in class path resource [org/springframework/boot/autoconfigure/web/servlet/WebMvcAutoConfiguration$EnableWebMvcConfiguration.class]: Bean instantiation via factory method failed; nested exception is org.springframework.beans.BeanInstantiationException: Failed to instantiate [org.springframework.format.support.FormattingConversionService]: Factory method 'mvcConversionService' threw exception; nested exception is org.springframework.beans.factory.BeanCreationException: Error creating bean with name 'jsonSchemaConverter' defined in class path resource [org/springframework/data/rest/webmvc/config/RepositoryRestMvcConfiguration.class]: Bean instantiation via factory method failed; nested exception is org.springframework.beans.BeanInstantiationException: Failed to instantiate [org.springframework.data.rest.webmvc.json.PersistentEntityToJsonSchemaConverter]: Factory method 'jsonSchemaConverter' threw exception; nested exception is org.springframework.beans.factory.BeanCreationException: Error creating bean with name 'defaultConversionService' defined in class path resource [org/springframework/data/rest/webmvc/config/RepositoryRestMvcConfiguration.class]: Bean instantiation via factory method failed; nested exception is org.springframework.beans.BeanInstantiationException: Failed to instantiate [org.springframework.format.support.DefaultFormattingConversionService]: Factory method 'defaultConversionService' threw exception; nested exception is org.springframework.beans.factory.BeanCreationException: Error creating bean with name 'repositoryInvokerFactory' defined in class path resource [org/springframework/data/rest/webmvc/config/RepositoryRestMvcConfiguration.class]: Bean instantiation via factory method failed; nested exception is org.springframework.beans.BeanInstantiationException: Failed to instantiate [org.springframework.data.repository.support.RepositoryInvokerFactory]: Factory method 'repositoryInvokerFactory' threw exception; nested exception is java.lang.NoSuchMethodError: org.springframework.plugin.core.PluginRegistry.of(Ljava/util/List;)Lorg/springframework/plugin/core/PluginRegistry;
Caused by: org.springframework.beans.BeanInstantiationException: Failed to instantiate [org.springframework.format.support.FormattingConversionService]: Factory method 'mvcConversionService' threw exception; nested exception is org.springframework.beans.factory.BeanCreationException: Error creating bean with name 'jsonSchemaConverter' defined in class path resource [org/springframework/data/rest/webmvc/config/RepositoryRestMvcConfiguration.class]: Bean instantiation via factory method failed; nested exception is org.springframework.beans.BeanInstantiationException: Failed to instantiate [org.springframework.data.rest.webmvc.json.PersistentEntityToJsonSchemaConverter]: Factory method 'jsonSchemaConverter' threw exception; nested exception is org.springframework.beans.factory.BeanCreationException: Error creating bean with name 'defaultConversionService' defined in class path resource [org/springframework/data/rest/webmvc/config/RepositoryRestMvcConfiguration.class]: Bean instantiation via factory method failed; nested exception is org.springframework.beans.BeanInstantiationException: Failed to instantiate [org.springframework.format.support.DefaultFormattingConversionService]: Factory method 'defaultConversionService' threw exception; nested exception is org.springframework.beans.factory.BeanCreationException: Error creating bean with name 'repositoryInvokerFactory' defined in class path resource [org/springframework/data/rest/webmvc/config/RepositoryRestMvcConfiguration.class]: Bean instantiation via factory method failed; nested exception is org.springframework.beans.BeanInstantiationException: Failed to instantiate [org.springframework.data.repository.support.RepositoryInvokerFactory]: Factory method 'repositoryInvokerFactory' threw exception; nested exception is java.lang.NoSuchMethodError: org.springframework.plugin.core.PluginRegistry.of(Ljava/util/List;)Lorg/springframework/plugin/core/PluginRegistry;
Caused by: org.springframework.beans.factory.BeanCreationException: Error creating bean with name 'jsonSchemaConverter' defined in class path resource [org/springframework/data/rest/webmvc/config/RepositoryRestMvcConfiguration.class]: Bean instantiation via factory method failed; nested exception is org.springframework.beans.BeanInstantiationException: Failed to instantiate [org.springframework.data.rest.webmvc.json.PersistentEntityToJsonSchemaConverter]: Factory method 'jsonSchemaConverter' threw exception; nested exception is org.springframework.beans.factory.BeanCreationException: Error creating bean with name 'defaultConversionService' defined in class path resource [org/springframework/data/rest/webmvc/config/RepositoryRestMvcConfiguration.class]: Bean instantiation via factory method failed; nested exception is org.springframework.beans.BeanInstantiationException: Failed to instantiate [org.springframework.format.support.DefaultFormattingConversionService]: Factory method 'defaultConversionService' threw exception; nested exception is org.springframework.beans.factory.BeanCreationException: Error creating bean with name 'repositoryInvokerFactory' defined in class path resource [org/springframework/data/rest/webmvc/config/RepositoryRestMvcConfiguration.class]: Bean instantiation via factory method failed; nested exception is org.springframework.beans.BeanInstantiationException: Failed to instantiate [org.springframework.data.repository.support.RepositoryInvokerFactory]: Factory method 'repositoryInvokerFactory' threw exception; nested exception is java.lang.NoSuchMethodError: org.springframework.plugin.core.PluginRegistry.of(Ljava/util/List;)Lorg/springframework/plugin/core/PluginRegistry;
Caused by: org.springframework.beans.BeanInstantiationException: Failed to instantiate [org.springframework.data.rest.webmvc.json.PersistentEntityToJsonSchemaConverter]: Factory method 'jsonSchemaConverter' threw exception; nested exception is org.springframework.beans.factory.BeanCreationException: Error creating bean with name 'defaultConversionService' defined in class path resource [org/springframework/data/rest/webmvc/config/RepositoryRestMvcConfiguration.class]: Bean instantiation via factory method failed; nested exception is org.springframework.beans.BeanInstantiationException: Failed to instantiate [org.springframework.format.support.DefaultFormattingConversionService]: Factory method 'defaultConversionService' threw exception; nested exception is org.springframework.beans.factory.BeanCreationException: Error creating bean with name 'repositoryInvokerFactory' defined in class path resource [org/springframework/data/rest/webmvc/config/RepositoryRestMvcConfiguration.class]: Bean instantiation via factory method failed; nested exception is org.springframework.beans.BeanInstantiationException: Failed to instantiate [org.springframework.data.repository.support.RepositoryInvokerFactory]: Factory method 'repositoryInvokerFactory' threw exception; nested exception is java.lang.NoSuchMethodError: org.springframework.plugin.core.PluginRegistry.of(Ljava/util/List;)Lorg/springframework/plugin/core/PluginRegistry;
Caused by: org.springframework.beans.factory.BeanCreationException: Error creating bean with name 'defaultConversionService' defined in class path resource [org/springframework/data/rest/webmvc/config/RepositoryRestMvcConfiguration.class]: Bean instantiation via factory method failed; nested exception is org.springframework.beans.BeanInstantiationException: Failed to instantiate [org.springframework.format.support.DefaultFormattingConversionService]: Factory method 'defaultConversionService' threw exception; nested exception is org.springframework.beans.factory.BeanCreationException: Error creating bean with name 'repositoryInvokerFactory' defined in class path resource [org/springframework/data/rest/webmvc/config/RepositoryRestMvcConfiguration.class]: Bean instantiation via factory method failed; nested exception is org.springframework.beans.BeanInstantiationException: Failed to instantiate [org.springframework.data.repository.support.RepositoryInvokerFactory]: Factory method 'repositoryInvokerFactory' threw exception; nested exception is java.lang.NoSuchMethodError: org.springframework.plugin.core.PluginRegistry.of(Ljava/util/List;)Lorg/springframework/plugin/core/PluginRegistry;
Caused by: org.springframework.beans.BeanInstantiationException: Failed to instantiate [org.springframework.format.support.DefaultFormattingConversionService]: Factory method 'defaultConversionService' threw exception; nested exception is org.springframework.beans.factory.BeanCreationException: Error creating bean with name 'repositoryInvokerFactory' defined in class path resource [org/springframework/data/rest/webmvc/config/RepositoryRestMvcConfiguration.class]: Bean instantiation via factory method failed; nested exception is org.springframework.beans.BeanInstantiationException: Failed to instantiate [org.springframework.data.repository.support.RepositoryInvokerFactory]: Factory method 'repositoryInvokerFactory' threw exception; nested exception is java.lang.NoSuchMethodError: org.springframework.plugin.core.PluginRegistry.of(Ljava/util/List;)Lorg/springframework/plugin/core/PluginRegistry;
Caused by: org.springframework.beans.factory.BeanCreationException: Error creating bean with name 'repositoryInvokerFactory' defined in class path resource [org/springframework/data/rest/webmvc/config/RepositoryRestMvcConfiguration.class]: Bean instantiation via factory method failed; nested exception is org.springframework.beans.BeanInstantiationException: Failed to instantiate [org.springframework.data.repository.support.RepositoryInvokerFactory]: Factory method 'repositoryInvokerFactory' threw exception; nested exception is java.lang.NoSuchMethodError: org.springframework.plugin.core.PluginRegistry.of(Ljava/util/List;)Lorg/springframework/plugin/core/PluginRegistry;
Caused by: org.springframework.beans.BeanInstantiationException: Failed to instantiate [org.springframework.data.repository.support.RepositoryInvokerFactory]: Factory method 'repositoryInvokerFactory' threw exception; nested exception is java.lang.NoSuchMethodError: org.springframework.plugin.core.PluginRegistry.of(Ljava/util/List;)Lorg/springframework/plugin/core/PluginRegistry;
Caused by: java.lang.NoSuchMethodError: org.springframework.plugin.core.PluginRegistry.of(Ljava/util/List;)Lorg/springframework/plugin/core/PluginRegistry;
</error>
    <system-out><![CDATA[12:41:49.414 [main] DEBUG org.springframework.test.context.BootstrapUtils - Instantiating CacheAwareContextLoaderDelegate from class [org.springframework.test.context.cache.DefaultCacheAwareContextLoaderDelegate]
12:41:49.424 [main] DEBUG org.springframework.test.context.BootstrapUtils - Instantiating BootstrapContext using constructor [public org.springframework.test.context.support.DefaultBootstrapContext(java.lang.Class,org.springframework.test.context.CacheAwareContextLoaderDelegate)]
12:41:49.443 [main] DEBUG org.springframework.test.context.BootstrapUtils - Instantiating TestContextBootstrapper for test class [br.com.controlefinanceiro.ControleFinanceiroApplicationTests] from class [org.springframework.boot.test.context.SpringBootTestContextBootstrapper]
12:41:49.453 [main] INFO org.springframework.boot.test.context.SpringBootTestContextBootstrapper - Neither @ContextConfiguration nor @ContextHierarchy found for test class [br.com.controlefinanceiro.ControleFinanceiroApplicationTests], using SpringBootContextLoader
12:41:49.455 [main] DEBUG org.springframework.test.context.support.AbstractContextLoader - Did not detect default resource location for test class [br.com.controlefinanceiro.ControleFinanceiroApplicationTests]: class path resource [br/com/controlefinanceiro/ControleFinanceiroApplicationTests-context.xml] does not exist
12:41:49.455 [main] DEBUG org.springframework.test.context.support.AbstractContextLoader - Did not detect default resource location for test class [br.com.controlefinanceiro.ControleFinanceiroApplicationTests]: class path resource [br/com/controlefinanceiro/ControleFinanceiroApplicationTestsContext.groovy] does not exist
12:41:49.455 [main] INFO org.springframework.test.context.support.AbstractContextLoader - Could not detect default resource locations for test class [br.com.controlefinanceiro.ControleFinanceiroApplicationTests]: no resource found for suffixes {-context.xml, Context.groovy}.
12:41:49.455 [main] INFO org.springframework.test.context.support.AnnotationConfigContextLoaderUtils - Could not detect default configuration classes for test class [br.com.controlefinanceiro.ControleFinanceiroApplicationTests]: ControleFinanceiroApplicationTests does not declare any static, non-private, non-final, nested classes annotated with @Configuration.
12:41:49.482 [main] DEBUG org.springframework.test.context.support.ActiveProfilesUtils - Could not find an 'annotation declaring class' for annotation type [org.springframework.test.context.ActiveProfiles] and class [br.com.controlefinanceiro.ControleFinanceiroApplicationTests]
12:41:49.521 [main] DEBUG org.springframework.context.annotation.ClassPathScanningCandidateComponentProvider - Identified candidate component class: file [/home/bruno_silva/workspace/pessoal/ControleFinanceiro/controlefinanceiro/target/classes/br/com/controlefinanceiro/ControleFinanceiroApplication.class]
12:41:49.522 [main] INFO org.springframework.boot.test.context.SpringBootTestContextBootstrapper - Found @SpringBootConfiguration br.com.controlefinanceiro.ControleFinanceiroApplication for test class br.com.controlefinanceiro.ControleFinanceiroApplicationTests
12:41:49.567 [main] DEBUG org.springframework.boot.test.context.SpringBootTestContextBootstrapper - @TestExecutionListeners is not present for class [br.com.controlefinanceiro.ControleFinanceiroApplicationTests]: using defaults.
12:41:49.567 [main] INFO org.springframework.boot.test.context.SpringBootTestContextBootstrapper - Loaded default TestExecutionListener class names from location [META-INF/spring.factories]: [org.springframework.boot.test.mock.mockito.MockitoTestExecutionListener, org.springframework.boot.test.mock.mockito.ResetMocksTestExecutionListener, org.springframework.boot.test.autoconfigure.restdocs.RestDocsTestExecutionListener, org.springframework.boot.test.autoconfigure.web.client.MockRestServiceServerResetTestExecutionListener, org.springframework.boot.test.autoconfigure.web.servlet.MockMvcPrintOnlyOnFailureTestExecutionListener, org.springframework.boot.test.autoconfigure.web.servlet.WebDriverTestExecutionListener, org.springframework.test.context.web.ServletTestExecutionListener, org.springframework.test.context.support.DirtiesContextBeforeModesTestExecutionListener, org.springframework.test.context.support.DependencyInjectionTestExecutionListener, org.springframework.test.context.support.DirtiesContextTestExecutionListener, org.springframework.test.context.transaction.TransactionalTestExecutionListener, org.springframework.test.context.jdbc.SqlScriptsTestExecutionListener, org.springframework.test.context.event.EventPublishingTestExecutionListener]
12:41:49.576 [main] INFO org.springframework.boot.test.context.SpringBootTestContextBootstrapper - Using TestExecutionListeners: [org.springframework.test.context.web.ServletTestExecutionListener@75c9e76b, org.springframework.test.context.support.DirtiesContextBeforeModesTestExecutionListener@7446d8d5, org.springframework.boot.test.mock.mockito.MockitoTestExecutionListener@5c3b6c6e, org.springframework.boot.test.autoconfigure.SpringBootDependencyInjectionTestExecutionListener@4fbda97b, org.springframework.test.context.support.DirtiesContextTestExecutionListener@75f5fd58, org.springframework.test.context.transaction.TransactionalTestExecutionListener@37b70343, org.springframework.test.context.jdbc.SqlScriptsTestExecutionListener@306851c7, org.springframework.test.context.event.EventPublishingTestExecutionListener@12bcd0c0, org.springframework.boot.test.mock.mockito.ResetMocksTestExecutionListener@4879f0f2, org.springframework.boot.test.autoconfigure.restdocs.RestDocsTestExecutionListener@47db5fa5, org.springframework.boot.test.autoconfigure.web.client.MockRestServiceServerResetTestExecutionListener@354fc8f0, org.springframework.boot.test.autoconfigure.web.servlet.MockMvcPrintOnlyOnFailureTestExecutionListener@41813449, org.springframework.boot.test.autoconfigure.web.servlet.WebDriverTestExecutionListener@4678a2eb]
12:41:49.578 [main] DEBUG org.springframework.test.context.support.AbstractDirtiesContextTestExecutionListener - Before test class: context [DefaultTestContext@6f2cb653 testClass = ControleFinanceiroApplicationTests, testInstance = [null], testMethod = [null], testException = [null], mergedContextConfiguration = [WebMergedContextConfiguration@14c01636 testClass = ControleFinanceiroApplicationTests, locations = '{}', classes = '{class br.com.controlefinanceiro.ControleFinanceiroApplication}', contextInitializerClasses = '[]', activeProfiles = '{}', propertySourceLocations = '{}', propertySourceProperties = '{org.springframework.boot.test.context.SpringBootTestContextBootstrapper=true}', contextCustomizers = set[org.springframework.boot.test.context.filter.ExcludeFilterContextCustomizer@4426bff1, org.springframework.boot.test.json.DuplicateJsonObjectContextCustomizerFactory$DuplicateJsonObjectContextCustomizer@1a20270e, org.springframework.boot.test.mock.mockito.MockitoContextCustomizer@0, org.springframework.boot.test.web.client.TestRestTemplateContextCustomizer@3a4621bd, org.springframework.boot.test.autoconfigure.properties.PropertyMappingContextCustomizer@0, org.springframework.boot.test.autoconfigure.web.servlet.WebDriverContextCustomizerFactory$Customizer@3d1848cc], resourceBasePath = 'src/main/webapp', contextLoader = 'org.springframework.boot.test.context.SpringBootContextLoader', parent = [null]], attributes = map['org.springframework.test.context.web.ServletTestExecutionListener.activateListener' -> true]], class annotated with @DirtiesContext [false] with mode [null].
12:41:49.592 [main] DEBUG org.springframework.test.context.support.TestPropertySourceUtils - Adding inlined properties to environment: {spring.jmx.enabled=false, org.springframework.boot.test.context.SpringBootTestContextBootstrapper=true, server.port=-1}

  .   ____          _            __ _ _
 /\\ / ___'_ __ _ _(_)_ __  __ _ \ \ \ \
( ( )\___ | '_ | '_| | '_ \/ _` | \ \ \ \
 \\/  ___)| |_)| | | | | || (_| |  ) ) ) )
  '  |____| .__|_| |_|_| |_\__, | / / / /
 =========|_|==============|___/=/_/_/_/
 :: Spring Boot ::        (v2.2.2.RELEASE)

2020-04-26 12:41:49.752  INFO 15866 --- [           main] b.c.c.ControleFinanceiroApplicationTests : Starting ControleFinanceiroApplicationTests on n01331 with PID 15866 (started by bruno_silva in /home/bruno_silva/workspace/pessoal/ControleFinanceiro/controlefinanceiro)
2020-04-26 12:41:49.753  INFO 15866 --- [           main] b.c.c.ControleFinanceiroApplicationTests : No active profile set, falling back to default profiles: default
2020-04-26 12:41:50.391  INFO 15866 --- [           main] .s.d.r.c.RepositoryConfigurationDelegate : Multiple Spring Data modules found, entering strict repository configuration mode!
2020-04-26 12:41:50.392  INFO 15866 --- [           main] .s.d.r.c.RepositoryConfigurationDelegate : Bootstrapping Spring Data JPA repositories in DEFAULT mode.
2020-04-26 12:41:50.541  INFO 15866 --- [           main] .s.d.r.c.RepositoryConfigurationDelegate : Finished Spring Data repository scanning in 141ms. Found 5 JPA repository interfaces.
2020-04-26 12:41:50.551  INFO 15866 --- [           main] .s.d.r.c.RepositoryConfigurationDelegate : Multiple Spring Data modules found, entering strict repository configuration mode!
2020-04-26 12:41:50.552  INFO 15866 --- [           main] .s.d.r.c.RepositoryConfigurationDelegate : Bootstrapping Spring Data Redis repositories in DEFAULT mode.
2020-04-26 12:41:50.563  INFO 15866 --- [           main] .RepositoryConfigurationExtensionSupport : Spring Data Redis - Could not safely identify store assignment for repository candidate interface br.com.controlefinanceiro.domain.creditCard.CreditCardRepository. If you want this repository to be a Redis repository, consider annotating your entities with one of these annotations: org.springframework.data.redis.core.RedisHash (preferred), or consider extending one of the following types with your repository: org.springframework.data.keyvalue.repository.KeyValueRepository.
2020-04-26 12:41:50.563  INFO 15866 --- [           main] .RepositoryConfigurationExtensionSupport : Spring Data Redis - Could not safely identify store assignment for repository candidate interface br.com.controlefinanceiro.domain.movement.MovementRepository. If you want this repository to be a Redis repository, consider annotating your entities with one of these annotations: org.springframework.data.redis.core.RedisHash (preferred), or consider extending one of the following types with your repository: org.springframework.data.keyvalue.repository.KeyValueRepository.
2020-04-26 12:41:50.563  INFO 15866 --- [           main] .RepositoryConfigurationExtensionSupport : Spring Data Redis - Could not safely identify store assignment for repository candidate interface br.com.controlefinanceiro.domain.operation.OperationRepository. If you want this repository to be a Redis repository, consider annotating your entities with one of these annotations: org.springframework.data.redis.core.RedisHash (preferred), or consider extending one of the following types with your repository: org.springframework.data.keyvalue.repository.KeyValueRepository.
2020-04-26 12:41:50.564  INFO 15866 --- [           main] .RepositoryConfigurationExtensionSupport : Spring Data Redis - Could not safely identify store assignment for repository candidate interface br.com.controlefinanceiro.domain.paymentMethod.PaymentMethodRepository. If you want this repository to be a Redis repository, consider annotating your entities with one of these annotations: org.springframework.data.redis.core.RedisHash (preferred), or consider extending one of the following types with your repository: org.springframework.data.keyvalue.repository.KeyValueRepository.
2020-04-26 12:41:50.564  INFO 15866 --- [           main] .RepositoryConfigurationExtensionSupport : Spring Data Redis - Could not safely identify store assignment for repository candidate interface br.com.controlefinanceiro.domain.wallet.WalletRepository. If you want this repository to be a Redis repository, consider annotating your entities with one of these annotations: org.springframework.data.redis.core.RedisHash (preferred), or consider extending one of the following types with your repository: org.springframework.data.keyvalue.repository.KeyValueRepository.
2020-04-26 12:41:50.565  INFO 15866 --- [           main] .s.d.r.c.RepositoryConfigurationDelegate : Finished Spring Data repository scanning in 6ms. Found 0 Redis repository interfaces.
2020-04-26 12:41:50.943  INFO 15866 --- [           main] trationDelegate$BeanPostProcessorChecker : Bean 'org.springframework.transaction.annotation.ProxyTransactionManagementConfiguration' of type [org.springframework.transaction.annotation.ProxyTransactionManagementConfiguration] is not eligible for getting processed by all BeanPostProcessors (for example: not eligible for auto-proxying)
2020-04-26 12:41:51.014  INFO 15866 --- [           main] trationDelegate$BeanPostProcessorChecker : Bean 'org.springframework.hateoas.config.HateoasConfiguration' of type [org.springframework.hateoas.config.HateoasConfiguration$$EnhancerBySpringCGLIB$$cd275ca2] is not eligible for getting processed by all BeanPostProcessors (for example: not eligible for auto-proxying)
2020-04-26 12:41:51.029  INFO 15866 --- [           main] trationDelegate$BeanPostProcessorChecker : Bean 'relProviderPluginRegistry' of type [org.springframework.plugin.core.support.PluginRegistryFactoryBean] is not eligible for getting processed by all BeanPostProcessors (for example: not eligible for auto-proxying)
2020-04-26 12:41:51.034  INFO 15866 --- [           main] trationDelegate$BeanPostProcessorChecker : Bean 'relProviderPluginRegistry' of type [org.springframework.plugin.core.OrderAwarePluginRegistry] is not eligible for getting processed by all BeanPostProcessors (for example: not eligible for auto-proxying)
2020-04-26 12:41:51.041  INFO 15866 --- [           main] trationDelegate$BeanPostProcessorChecker : Bean '_relProvider' of type [org.springframework.hateoas.server.core.DelegatingLinkRelationProvider] is not eligible for getting processed by all BeanPostProcessors (for example: not eligible for auto-proxying)
2020-04-26 12:41:51.049  INFO 15866 --- [           main] trationDelegate$BeanPostProcessorChecker : Bean 'messageResolver' of type [org.springframework.hateoas.mediatype.MessageSourceResolver] is not eligible for getting processed by all BeanPostProcessors (for example: not eligible for auto-proxying)
2020-04-26 12:41:51.053  INFO 15866 --- [           main] trationDelegate$BeanPostProcessorChecker : Bean 'org.springframework.hateoas.mediatype.hal.HalMediaTypeConfiguration' of type [org.springframework.hateoas.mediatype.hal.HalMediaTypeConfiguration$$EnhancerBySpringCGLIB$$271beb77] is not eligible for getting processed by all BeanPostProcessors (for example: not eligible for auto-proxying)
2020-04-26 12:41:51.059  INFO 15866 --- [           main] trationDelegate$BeanPostProcessorChecker : Bean 'org.springframework.boot.autoconfigure.jackson.JacksonAutoConfiguration$JacksonObjectMapperConfiguration' of type [org.springframework.boot.autoconfigure.jackson.JacksonAutoConfiguration$JacksonObjectMapperConfiguration] is not eligible for getting processed by all BeanPostProcessors (for example: not eligible for auto-proxying)
2020-04-26 12:41:51.061  INFO 15866 --- [           main] trationDelegate$BeanPostProcessorChecker : Bean 'org.springframework.boot.autoconfigure.jackson.JacksonAutoConfiguration$JacksonObjectMapperBuilderConfiguration' of type [org.springframework.boot.autoconfigure.jackson.JacksonAutoConfiguration$JacksonObjectMapperBuilderConfiguration] is not eligible for getting processed by all BeanPostProcessors (for example: not eligible for auto-proxying)
2020-04-26 12:41:51.065  INFO 15866 --- [           main] trationDelegate$BeanPostProcessorChecker : Bean 'org.springframework.boot.autoconfigure.jackson.JacksonAutoConfiguration$Jackson2ObjectMapperBuilderCustomizerConfiguration' of type [org.springframework.boot.autoconfigure.jackson.JacksonAutoConfiguration$Jackson2ObjectMapperBuilderCustomizerConfiguration] is not eligible for getting processed by all BeanPostProcessors (for example: not eligible for auto-proxying)
2020-04-26 12:41:51.079  INFO 15866 --- [           main] trationDelegate$BeanPostProcessorChecker : Bean 'spring.jackson-org.springframework.boot.autoconfigure.jackson.JacksonProperties' of type [org.springframework.boot.autoconfigure.jackson.JacksonProperties] is not eligible for getting processed by all BeanPostProcessors (for example: not eligible for auto-proxying)
2020-04-26 12:41:51.083  INFO 15866 --- [           main] trationDelegate$BeanPostProcessorChecker : Bean 'standardJacksonObjectMapperBuilderCustomizer' of type [org.springframework.boot.autoconfigure.jackson.JacksonAutoConfiguration$Jackson2ObjectMapperBuilderCustomizerConfiguration$StandardJackson2ObjectMapperBuilderCustomizer] is not eligible for getting processed by all BeanPostProcessors (for example: not eligible for auto-proxying)
2020-04-26 12:41:51.086  INFO 15866 --- [           main] trationDelegate$BeanPostProcessorChecker : Bean 'org.springframework.boot.autoconfigure.jackson.JacksonAutoConfiguration$ParameterNamesModuleConfiguration' of type [org.springframework.boot.autoconfigure.jackson.JacksonAutoConfiguration$ParameterNamesModuleConfiguration] is not eligible for getting processed by all BeanPostProcessors (for example: not eligible for auto-proxying)
2020-04-26 12:41:51.096  INFO 15866 --- [           main] trationDelegate$BeanPostProcessorChecker : Bean 'parameterNamesModule' of type [com.fasterxml.jackson.module.paramnames.ParameterNamesModule] is not eligible for getting processed by all BeanPostProcessors (for example: not eligible for auto-proxying)
2020-04-26 12:41:51.099  INFO 15866 --- [           main] trationDelegate$BeanPostProcessorChecker : Bean 'org.springframework.boot.autoconfigure.jackson.JacksonAutoConfiguration' of type [org.springframework.boot.autoconfigure.jackson.JacksonAutoConfiguration] is not eligible for getting processed by all BeanPostProcessors (for example: not eligible for auto-proxying)
2020-04-26 12:41:51.108  INFO 15866 --- [           main] trationDelegate$BeanPostProcessorChecker : Bean 'jsonComponentModule' of type [org.springframework.boot.jackson.JsonComponentModule] is not eligible for getting processed by all BeanPostProcessors (for example: not eligible for auto-proxying)
2020-04-26 12:41:51.112  INFO 15866 --- [           main] trationDelegate$BeanPostProcessorChecker : Bean 'org.springframework.data.web.config.SpringDataJacksonConfiguration' of type [org.springframework.data.web.config.SpringDataJacksonConfiguration] is not eligible for getting processed by all BeanPostProcessors (for example: not eligible for auto-proxying)
2020-04-26 12:41:51.116  INFO 15866 --- [           main] trationDelegate$BeanPostProcessorChecker : Bean 'jacksonGeoModule' of type [org.springframework.data.geo.GeoModule] is not eligible for getting processed by all BeanPostProcessors (for example: not eligible for auto-proxying)
2020-04-26 12:41:51.120  INFO 15866 --- [           main] trationDelegate$BeanPostProcessorChecker : Bean 'jacksonObjectMapperBuilder' of type [org.springframework.http.converter.json.Jackson2ObjectMapperBuilder] is not eligible for getting processed by all BeanPostProcessors (for example: not eligible for auto-proxying)
2020-04-26 12:41:51.139  INFO 15866 --- [           main] trationDelegate$BeanPostProcessorChecker : Bean 'jacksonObjectMapper' of type [com.fasterxml.jackson.databind.ObjectMapper] is not eligible for getting processed by all BeanPostProcessors (for example: not eligible for auto-proxying)
2020-04-26 12:41:51.170  INFO 15866 --- [           main] trationDelegate$BeanPostProcessorChecker : Bean 'hypermediaWebMvcConverters' of type [org.springframework.hateoas.config.WebConverters] is not eligible for getting processed by all BeanPostProcessors (for example: not eligible for auto-proxying)
2020-04-26 12:41:51.499  INFO 15866 --- [           main] o.hibernate.jpa.internal.util.LogHelper  : HHH000204: Processing PersistenceUnitInfo [name: default]
2020-04-26 12:41:51.552  INFO 15866 --- [           main] org.hibernate.Version                    : HHH000412: Hibernate Core {5.4.9.Final}
2020-04-26 12:41:51.585  INFO 15866 --- [           main] o.hibernate.annotations.common.Version   : HCANN000001: Hibernate Commons Annotations {5.1.0.Final}
2020-04-26 12:41:51.677  INFO 15866 --- [           main] com.zaxxer.hikari.HikariDataSource       : HikariPool-1 - Starting...
2020-04-26 12:41:51.812  INFO 15866 --- [           main] com.zaxxer.hikari.HikariDataSource       : HikariPool-1 - Start completed.
2020-04-26 12:41:51.831  INFO 15866 --- [           main] org.hibernate.dialect.Dialect            : HHH000400: Using dialect: org.hibernate.dialect.MySQL57Dialect
2020-04-26 12:41:52.410  INFO 15866 --- [           main] o.h.e.t.j.p.i.JtaPlatformInitiator       : HHH000490: Using JtaPlatform implementation: [org.hibernate.engine.transaction.jta.platform.internal.NoJtaPlatform]
2020-04-26 12:41:52.415  INFO 15866 --- [           main] j.LocalContainerEntityManagerFactoryBean : Initialized JPA EntityManagerFactory for persistence unit 'default'
2020-04-26 12:41:53.049  WARN 15866 --- [           main] JpaBaseConfiguration$JpaWebConfiguration : spring.jpa.open-in-view is enabled by default. Therefore, database queries may be performed during view rendering. Explicitly configure spring.jpa.open-in-view to disable this warning
2020-04-26 12:41:53.198  WARN 15866 --- [           main] o.s.w.c.s.GenericWebApplicationContext   : Exception encountered during context initialization - cancelling refresh attempt: org.springframework.beans.factory.UnsatisfiedDependencyException: Error creating bean with name 'documentationPluginsBootstrapper' defined in URL [jar:file:/home/bruno_silva/.m2/repository/io/springfox/springfox-spring-web/2.9.2/springfox-spring-web-2.9.2.jar!/springfox/documentation/spring/web/plugins/DocumentationPluginsBootstrapper.class]: Unsatisfied dependency expressed through constructor parameter 1; nested exception is org.springframework.beans.factory.UnsatisfiedDependencyException: Error creating bean with name 'webMvcRequestHandlerProvider' defined in URL [jar:file:/home/bruno_silva/.m2/repository/io/springfox/springfox-spring-web/2.9.2/springfox-spring-web-2.9.2.jar!/springfox/documentation/spring/web/plugins/WebMvcRequestHandlerProvider.class]: Unsatisfied dependency expressed through constructor parameter 1; nested exception is org.springframework.beans.factory.UnsatisfiedDependencyException: Error creating bean with name 'requestMappingHandlerMapping' defined in class path resource [org/springframework/boot/autoconfigure/web/servlet/WebMvcAutoConfiguration$EnableWebMvcConfiguration.class]: Unsatisfied dependency expressed through method 'requestMappingHandlerMapping' parameter 1; nested exception is org.springframework.beans.factory.BeanCreationException: Error creating bean with name 'mvcConversionService' defined in class path resource [org/springframework/boot/autoconfigure/web/servlet/WebMvcAutoConfiguration$EnableWebMvcConfiguration.class]: Bean instantiation via factory method failed; nested exception is org.springframework.beans.BeanInstantiationException: Failed to instantiate [org.springframework.format.support.FormattingConversionService]: Factory method 'mvcConversionService' threw exception; nested exception is org.springframework.beans.factory.BeanCreationException: Error creating bean with name 'jsonSchemaConverter' defined in class path resource [org/springframework/data/rest/webmvc/config/RepositoryRestMvcConfiguration.class]: Bean instantiation via factory method failed; nested exception is org.springframework.beans.BeanInstantiationException: Failed to instantiate [org.springframework.data.rest.webmvc.json.PersistentEntityToJsonSchemaConverter]: Factory method 'jsonSchemaConverter' threw exception; nested exception is org.springframework.beans.factory.BeanCreationException: Error creating bean with name 'defaultConversionService' defined in class path resource [org/springframework/data/rest/webmvc/config/RepositoryRestMvcConfiguration.class]: Bean instantiation via factory method failed; nested exception is org.springframework.beans.BeanInstantiationException: Failed to instantiate [org.springframework.format.support.DefaultFormattingConversionService]: Factory method 'defaultConversionService' threw exception; nested exception is org.springframework.beans.factory.BeanCreationException: Error creating bean with name 'repositoryInvokerFactory' defined in class path resource [org/springframework/data/rest/webmvc/config/RepositoryRestMvcConfiguration.class]: Bean instantiation via factory method failed; nested exception is org.springframework.beans.BeanInstantiationException: Failed to instantiate [org.springframework.data.repository.support.RepositoryInvokerFactory]: Factory method 'repositoryInvokerFactory' threw exception; nested exception is java.lang.NoSuchMethodError: org.springframework.plugin.core.PluginRegistry.of(Ljava/util/List;)Lorg/springframework/plugin/core/PluginRegistry;
Related cause: org.springframework.beans.factory.UnsatisfiedDependencyException: Error creating bean with name 'requestMappingHandlerMapping' defined in class path resource [org/springframework/boot/autoconfigure/web/servlet/WebMvcAutoConfiguration$EnableWebMvcConfiguration.class]: Unsatisfied dependency expressed through method 'requestMappingHandlerMapping' parameter 1; nested exception is org.springframework.beans.factory.BeanCreationException: Error creating bean with name 'mvcConversionService' defined in class path resource [org/springframework/boot/autoconfigure/web/servlet/WebMvcAutoConfiguration$EnableWebMvcConfiguration.class]: Bean instantiation via factory method failed; nested exception is org.springframework.beans.BeanInstantiationException: Failed to instantiate [org.springframework.format.support.FormattingConversionService]: Factory method 'mvcConversionService' threw exception; nested exception is org.springframework.beans.factory.BeanCreationException: Error creating bean with name 'jsonSchemaConverter' defined in class path resource [org/springframework/data/rest/webmvc/config/RepositoryRestMvcConfiguration.class]: Bean instantiation via factory method failed; nested exception is org.springframework.beans.BeanInstantiationException: Failed to instantiate [org.springframework.data.rest.webmvc.json.PersistentEntityToJsonSchemaConverter]: Factory method 'jsonSchemaConverter' threw exception; nested exception is org.springframework.beans.factory.BeanCreationException: Error creating bean with name 'defaultConversionService' defined in class path resource [org/springframework/data/rest/webmvc/config/RepositoryRestMvcConfiguration.class]: Bean instantiation via factory method failed; nested exception is org.springframework.beans.BeanInstantiationException: Failed to instantiate [org.springframework.format.support.DefaultFormattingConversionService]: Factory method 'defaultConversionService' threw exception; nested exception is org.springframework.beans.factory.BeanCreationException: Error creating bean with name 'repositoryInvokerFactory' defined in class path resource [org/springframework/data/rest/webmvc/config/RepositoryRestMvcConfiguration.class]: Bean instantiation via factory method failed; nested exception is org.springframework.beans.BeanInstantiationException: Failed to instantiate [org.springframework.data.repository.support.RepositoryInvokerFactory]: Factory method 'repositoryInvokerFactory' threw exception; nested exception is java.lang.NoSuchMethodError: org.springframework.plugin.core.PluginRegistry.of(Ljava/util/List;)Lorg/springframework/plugin/core/PluginRegistry;
2020-04-26 12:41:53.201  INFO 15866 --- [           main] j.LocalContainerEntityManagerFactoryBean : Closing JPA EntityManagerFactory for persistence unit 'default'
2020-04-26 12:41:53.203  INFO 15866 --- [           main] com.zaxxer.hikari.HikariDataSource       : HikariPool-1 - Shutdown initiated...
2020-04-26 12:41:53.209  INFO 15866 --- [           main] com.zaxxer.hikari.HikariDataSource       : HikariPool-1 - Shutdown completed.
2020-04-26 12:41:53.244  INFO 15866 --- [           main] ConditionEvaluationReportLoggingListener : 

Error starting ApplicationContext. To display the conditions report re-run your application with 'debug' enabled.
2020-04-26 12:41:53.247 ERROR 15866 --- [           main] o.s.b.d.LoggingFailureAnalysisReporter   : 

***************************
APPLICATION FAILED TO START
***************************

Description:

An attempt was made to call a method that does not exist. The attempt was made from the following location:

    org.springframework.data.rest.core.support.UnwrappingRepositoryInvokerFactory.<init>(UnwrappingRepositoryInvokerFactory.java:57)

The following method did not exist:

    org.springframework.plugin.core.PluginRegistry.of(Ljava/util/List;)Lorg/springframework/plugin/core/PluginRegistry;

The method's class, org.springframework.plugin.core.PluginRegistry, is available from the following locations:

    jar:file:/home/bruno_silva/.m2/repository/org/springframework/plugin/spring-plugin-core/1.2.0.RELEASE/spring-plugin-core-1.2.0.RELEASE.jar!/org/springframework/plugin/core/PluginRegistry.class

It was loaded from the following location:

    file:/home/bruno_silva/.m2/repository/org/springframework/plugin/spring-plugin-core/1.2.0.RELEASE/spring-plugin-core-1.2.0.RELEASE.jar


Action:

Correct the classpath of your application so that it contains a single, compatible version of org.springframework.plugin.core.PluginRegistry

2020-04-26 12:41:53.258 ERROR 15866 --- [           main] o.s.test.context.TestContextManager      : Caught exception while allowing TestExecutionListener [org.springframework.test.context.web.ServletTestExecutionListener@75c9e76b] to prepare test instance [br.com.controlefinanceiro.ControleFinanceiroApplicationTests@51d9fd30]

java.lang.IllegalStateException: Failed to load ApplicationContext
	at org.springframework.test.context.cache.DefaultCacheAwareContextLoaderDelegate.loadContext(DefaultCacheAwareContextLoaderDelegate.java:132) ~[spring-test-5.2.2.RELEASE.jar:5.2.2.RELEASE]
	at org.springframework.test.context.support.DefaultTestContext.getApplicationContext(DefaultTestContext.java:123) ~[spring-test-5.2.2.RELEASE.jar:5.2.2.RELEASE]
	at org.springframework.test.context.web.ServletTestExecutionListener.setUpRequestContextIfNecessary(ServletTestExecutionListener.java:190) ~[spring-test-5.2.2.RELEASE.jar:5.2.2.RELEASE]
	at org.springframework.test.context.web.ServletTestExecutionListener.prepareTestInstance(ServletTestExecutionListener.java:132) ~[spring-test-5.2.2.RELEASE.jar:5.2.2.RELEASE]
	at org.springframework.test.context.TestContextManager.prepareTestInstance(TestContextManager.java:244) ~[spring-test-5.2.2.RELEASE.jar:5.2.2.RELEASE]
	at org.springframework.test.context.junit.jupiter.SpringExtension.postProcessTestInstance(SpringExtension.java:98) [spring-test-5.2.2.RELEASE.jar:5.2.2.RELEASE]
	at org.junit.jupiter.engine.descriptor.ClassBasedTestDescriptor.lambda$invokeTestInstancePostProcessors$5(ClassBasedTestDescriptor.java:337) [junit-jupiter-engine-5.5.2.jar:5.5.2]
	at org.junit.jupiter.engine.descriptor.ClassBasedTestDescriptor.executeAndMaskThrowable(ClassBasedTestDescriptor.java:342) [junit-jupiter-engine-5.5.2.jar:5.5.2]
	at org.junit.jupiter.engine.descriptor.ClassBasedTestDescriptor.lambda$invokeTestInstancePostProcessors$6(ClassBasedTestDescriptor.java:337) [junit-jupiter-engine-5.5.2.jar:5.5.2]
	at java.util.stream.ReferencePipeline$3$1.accept(ReferencePipeline.java:193) ~[na:1.8.0_221]
	at java.util.stream.ReferencePipeline$2$1.accept(ReferencePipeline.java:175) ~[na:1.8.0_221]
	at java.util.ArrayList$ArrayListSpliterator.forEachRemaining(ArrayList.java:1382) ~[na:1.8.0_221]
	at java.util.stream.AbstractPipeline.copyInto(AbstractPipeline.java:482) ~[na:1.8.0_221]
	at java.util.stream.AbstractPipeline.wrapAndCopyInto(AbstractPipeline.java:472) ~[na:1.8.0_221]
	at java.util.stream.StreamSpliterators$WrappingSpliterator.forEachRemaining(StreamSpliterators.java:312) ~[na:1.8.0_221]
	at java.util.stream.Streams$ConcatSpliterator.forEachRemaining(Streams.java:743) ~[na:1.8.0_221]
	at java.util.stream.Streams$ConcatSpliterator.forEachRemaining(Streams.java:742) ~[na:1.8.0_221]
	at java.util.stream.ReferencePipeline$Head.forEach(ReferencePipeline.java:580) ~[na:1.8.0_221]
	at org.junit.jupiter.engine.descriptor.ClassBasedTestDescriptor.invokeTestInstancePostProcessors(ClassBasedTestDescriptor.java:336) [junit-jupiter-engine-5.5.2.jar:5.5.2]
	at org.junit.jupiter.engine.descriptor.ClassBasedTestDescriptor.instantiateAndPostProcessTestInstance(ClassBasedTestDescriptor.java:259) [junit-jupiter-engine-5.5.2.jar:5.5.2]
	at org.junit.jupiter.engine.descriptor.ClassBasedTestDescriptor.lambda$testInstancesProvider$2(ClassBasedTestDescriptor.java:252) [junit-jupiter-engine-5.5.2.jar:5.5.2]
	at java.util.Optional.orElseGet(Optional.java:267) ~[na:1.8.0_221]
	at org.junit.jupiter.engine.descriptor.ClassBasedTestDescriptor.lambda$testInstancesProvider$3(ClassBasedTestDescriptor.java:251) [junit-jupiter-engine-5.5.2.jar:5.5.2]
	at org.junit.jupiter.engine.execution.TestInstancesProvider.getTestInstances(TestInstancesProvider.java:29) ~[junit-jupiter-engine-5.5.2.jar:5.5.2]
	at org.junit.jupiter.engine.descriptor.TestMethodTestDescriptor.lambda$prepare$0(TestMethodTestDescriptor.java:106) ~[junit-jupiter-engine-5.5.2.jar:5.5.2]
	at org.junit.platform.engine.support.hierarchical.ThrowableCollector.execute(ThrowableCollector.java:73) ~[junit-platform-engine-1.5.2.jar:1.5.2]
	at org.junit.jupiter.engine.descriptor.TestMethodTestDescriptor.prepare(TestMethodTestDescriptor.java:105) ~[junit-jupiter-engine-5.5.2.jar:5.5.2]
	at org.junit.jupiter.engine.descriptor.TestMethodTestDescriptor.prepare(TestMethodTestDescriptor.java:69) ~[junit-jupiter-engine-5.5.2.jar:5.5.2]
	at org.junit.platform.engine.support.hierarchical.NodeTestTask.lambda$prepare$1(NodeTestTask.java:107) ~[junit-platform-engine-1.5.2.jar:1.5.2]
	at org.junit.platform.engine.support.hierarchical.ThrowableCollector.execute(ThrowableCollector.java:73) ~[junit-platform-engine-1.5.2.jar:1.5.2]
	at org.junit.platform.engine.support.hierarchical.NodeTestTask.prepare(NodeTestTask.java:107) ~[junit-platform-engine-1.5.2.jar:1.5.2]
	at org.junit.platform.engine.support.hierarchical.NodeTestTask.execute(NodeTestTask.java:75) ~[junit-platform-engine-1.5.2.jar:1.5.2]
	at java.util.ArrayList.forEach(ArrayList.java:1257) ~[na:1.8.0_221]
	at org.junit.platform.engine.support.hierarchical.SameThreadHierarchicalTestExecutorService.invokeAll(SameThreadHierarchicalTestExecutorService.java:38) ~[junit-platform-engine-1.5.2.jar:1.5.2]
	at org.junit.platform.engine.support.hierarchical.NodeTestTask.lambda$executeRecursively$5(NodeTestTask.java:139) ~[junit-platform-engine-1.5.2.jar:1.5.2]
	at org.junit.platform.engine.support.hierarchical.ThrowableCollector.execute(ThrowableCollector.java:73) ~[junit-platform-engine-1.5.2.jar:1.5.2]
	at org.junit.platform.engine.support.hierarchical.NodeTestTask.lambda$executeRecursively$7(NodeTestTask.java:125) ~[junit-platform-engine-1.5.2.jar:1.5.2]
	at org.junit.platform.engine.support.hierarchical.Node.around(Node.java:135) ~[junit-platform-engine-1.5.2.jar:1.5.2]
	at org.junit.platform.engine.support.hierarchical.NodeTestTask.lambda$executeRecursively$8(NodeTestTask.java:123) ~[junit-platform-engine-1.5.2.jar:1.5.2]
	at org.junit.platform.engine.support.hierarchical.ThrowableCollector.execute(ThrowableCollector.java:73) ~[junit-platform-engine-1.5.2.jar:1.5.2]
	at org.junit.platform.engine.support.hierarchical.NodeTestTask.executeRecursively(NodeTestTask.java:122) ~[junit-platform-engine-1.5.2.jar:1.5.2]
	at org.junit.platform.engine.support.hierarchical.NodeTestTask.execute(NodeTestTask.java:80) ~[junit-platform-engine-1.5.2.jar:1.5.2]
	at java.util.ArrayList.forEach(ArrayList.java:1257) ~[na:1.8.0_221]
	at org.junit.platform.engine.support.hierarchical.SameThreadHierarchicalTestExecutorService.invokeAll(SameThreadHierarchicalTestExecutorService.java:38) ~[junit-platform-engine-1.5.2.jar:1.5.2]
	at org.junit.platform.engine.support.hierarchical.NodeTestTask.lambda$executeRecursively$5(NodeTestTask.java:139) ~[junit-platform-engine-1.5.2.jar:1.5.2]
	at org.junit.platform.engine.support.hierarchical.ThrowableCollector.execute(ThrowableCollector.java:73) ~[junit-platform-engine-1.5.2.jar:1.5.2]
	at org.junit.platform.engine.support.hierarchical.NodeTestTask.lambda$executeRecursively$7(NodeTestTask.java:125) ~[junit-platform-engine-1.5.2.jar:1.5.2]
	at org.junit.platform.engine.support.hierarchical.Node.around(Node.java:135) ~[junit-platform-engine-1.5.2.jar:1.5.2]
	at org.junit.platform.engine.support.hierarchical.NodeTestTask.lambda$executeRecursively$8(NodeTestTask.java:123) ~[junit-platform-engine-1.5.2.jar:1.5.2]
	at org.junit.platform.engine.support.hierarchical.ThrowableCollector.execute(ThrowableCollector.java:73) ~[junit-platform-engine-1.5.2.jar:1.5.2]
	at org.junit.platform.engine.support.hierarchical.NodeTestTask.executeRecursively(NodeTestTask.java:122) ~[junit-platform-engine-1.5.2.jar:1.5.2]
	at org.junit.platform.engine.support.hierarchical.NodeTestTask.execute(NodeTestTask.java:80) ~[junit-platform-engine-1.5.2.jar:1.5.2]
	at org.junit.platform.engine.support.hierarchical.SameThreadHierarchicalTestExecutorService.submit(SameThreadHierarchicalTestExecutorService.java:32) ~[junit-platform-engine-1.5.2.jar:1.5.2]
	at org.junit.platform.engine.support.hierarchical.HierarchicalTestExecutor.execute(HierarchicalTestExecutor.java:57) ~[junit-platform-engine-1.5.2.jar:1.5.2]
	at org.junit.platform.engine.support.hierarchical.HierarchicalTestEngine.execute(HierarchicalTestEngine.java:51) ~[junit-platform-engine-1.5.2.jar:1.5.2]
	at org.junit.platform.launcher.core.DefaultLauncher.execute(DefaultLauncher.java:220) ~[junit-platform-launcher-1.3.1.jar:1.3.1]
	at org.junit.platform.launcher.core.DefaultLauncher.lambda$execute$6(DefaultLauncher.java:188) ~[junit-platform-launcher-1.3.1.jar:1.3.1]
	at org.junit.platform.launcher.core.DefaultLauncher.withInterceptedStreams(DefaultLauncher.java:202) ~[junit-platform-launcher-1.3.1.jar:1.3.1]
	at org.junit.platform.launcher.core.DefaultLauncher.execute(DefaultLauncher.java:181) ~[junit-platform-launcher-1.3.1.jar:1.3.1]
	at org.junit.platform.launcher.core.DefaultLauncher.execute(DefaultLauncher.java:128) ~[junit-platform-launcher-1.3.1.jar:1.3.1]
	at org.apache.maven.surefire.junitplatform.JUnitPlatformProvider.invokeAllTests(JUnitPlatformProvider.java:150) ~[surefire-junit-platform-2.22.2.jar:2.22.2]
	at org.apache.maven.surefire.junitplatform.JUnitPlatformProvider.invoke(JUnitPlatformProvider.java:124) ~[surefire-junit-platform-2.22.2.jar:2.22.2]
	at org.apache.maven.surefire.booter.ForkedBooter.invokeProviderInSameClassLoader(ForkedBooter.java:384) ~[surefire-booter-2.22.2.jar:2.22.2]
	at org.apache.maven.surefire.booter.ForkedBooter.runSuitesInProcess(ForkedBooter.java:345) ~[surefire-booter-2.22.2.jar:2.22.2]
	at org.apache.maven.surefire.booter.ForkedBooter.execute(ForkedBooter.java:126) ~[surefire-booter-2.22.2.jar:2.22.2]
	at org.apache.maven.surefire.booter.ForkedBooter.main(ForkedBooter.java:418) ~[surefire-booter-2.22.2.jar:2.22.2]
Caused by: org.springframework.beans.factory.UnsatisfiedDependencyException: Error creating bean with name 'documentationPluginsBootstrapper' defined in URL [jar:file:/home/bruno_silva/.m2/repository/io/springfox/springfox-spring-web/2.9.2/springfox-spring-web-2.9.2.jar!/springfox/documentation/spring/web/plugins/DocumentationPluginsBootstrapper.class]: Unsatisfied dependency expressed through constructor parameter 1; nested exception is org.springframework.beans.factory.UnsatisfiedDependencyException: Error creating bean with name 'webMvcRequestHandlerProvider' defined in URL [jar:file:/home/bruno_silva/.m2/repository/io/springfox/springfox-spring-web/2.9.2/springfox-spring-web-2.9.2.jar!/springfox/documentation/spring/web/plugins/WebMvcRequestHandlerProvider.class]: Unsatisfied dependency expressed through constructor parameter 1; nested exception is org.springframework.beans.factory.UnsatisfiedDependencyException: Error creating bean with name 'requestMappingHandlerMapping' defined in class path resource [org/springframework/boot/autoconfigure/web/servlet/WebMvcAutoConfiguration$EnableWebMvcConfiguration.class]: Unsatisfied dependency expressed through method 'requestMappingHandlerMapping' parameter 1; nested exception is org.springframework.beans.factory.BeanCreationException: Error creating bean with name 'mvcConversionService' defined in class path resource [org/springframework/boot/autoconfigure/web/servlet/WebMvcAutoConfiguration$EnableWebMvcConfiguration.class]: Bean instantiation via factory method failed; nested exception is org.springframework.beans.BeanInstantiationException: Failed to instantiate [org.springframework.format.support.FormattingConversionService]: Factory method 'mvcConversionService' threw exception; nested exception is org.springframework.beans.factory.BeanCreationException: Error creating bean with name 'jsonSchemaConverter' defined in class path resource [org/springframework/data/rest/webmvc/config/RepositoryRestMvcConfiguration.class]: Bean instantiation via factory method failed; nested exception is org.springframework.beans.BeanInstantiationException: Failed to instantiate [org.springframework.data.rest.webmvc.json.PersistentEntityToJsonSchemaConverter]: Factory method 'jsonSchemaConverter' threw exception; nested exception is org.springframework.beans.factory.BeanCreationException: Error creating bean with name 'defaultConversionService' defined in class path resource [org/springframework/data/rest/webmvc/config/RepositoryRestMvcConfiguration.class]: Bean instantiation via factory method failed; nested exception is org.springframework.beans.BeanInstantiationException: Failed to instantiate [org.springframework.format.support.DefaultFormattingConversionService]: Factory method 'defaultConversionService' threw exception; nested exception is org.springframework.beans.factory.BeanCreationException: Error creating bean with name 'repositoryInvokerFactory' defined in class path resource [org/springframework/data/rest/webmvc/config/RepositoryRestMvcConfiguration.class]: Bean instantiation via factory method failed; nested exception is org.springframework.beans.BeanInstantiationException: Failed to instantiate [org.springframework.data.repository.support.RepositoryInvokerFactory]: Factory method 'repositoryInvokerFactory' threw exception; nested exception is java.lang.NoSuchMethodError: org.springframework.plugin.core.PluginRegistry.of(Ljava/util/List;)Lorg/springframework/plugin/core/PluginRegistry;
	at org.springframework.beans.factory.support.ConstructorResolver.createArgumentArray(ConstructorResolver.java:798) ~[spring-beans-5.2.2.RELEASE.jar:5.2.2.RELEASE]
	at org.springframework.beans.factory.support.ConstructorResolver.autowireConstructor(ConstructorResolver.java:228) ~[spring-beans-5.2.2.RELEASE.jar:5.2.2.RELEASE]
	at org.springframework.beans.factory.support.AbstractAutowireCapableBeanFactory.autowireConstructor(AbstractAutowireCapableBeanFactory.java:1358) ~[spring-beans-5.2.2.RELEASE.jar:5.2.2.RELEASE]
	at org.springframework.beans.factory.support.AbstractAutowireCapableBeanFactory.createBeanInstance(AbstractAutowireCapableBeanFactory.java:1204) ~[spring-beans-5.2.2.RELEASE.jar:5.2.2.RELEASE]
	at org.springframework.beans.factory.support.AbstractAutowireCapableBeanFactory.doCreateBean(AbstractAutowireCapableBeanFactory.java:557) ~[spring-beans-5.2.2.RELEASE.jar:5.2.2.RELEASE]
	at org.springframework.beans.factory.support.AbstractAutowireCapableBeanFactory.createBean(AbstractAutowireCapableBeanFactory.java:517) ~[spring-beans-5.2.2.RELEASE.jar:5.2.2.RELEASE]
	at org.springframework.beans.factory.support.AbstractBeanFactory.lambda$doGetBean$0(AbstractBeanFactory.java:323) ~[spring-beans-5.2.2.RELEASE.jar:5.2.2.RELEASE]
	at org.springframework.beans.factory.support.DefaultSingletonBeanRegistry.getSingleton(DefaultSingletonBeanRegistry.java:222) ~[spring-beans-5.2.2.RELEASE.jar:5.2.2.RELEASE]
	at org.springframework.beans.factory.support.AbstractBeanFactory.doGetBean(AbstractBeanFactory.java:321) ~[spring-beans-5.2.2.RELEASE.jar:5.2.2.RELEASE]
	at org.springframework.beans.factory.support.AbstractBeanFactory.getBean(AbstractBeanFactory.java:202) ~[spring-beans-5.2.2.RELEASE.jar:5.2.2.RELEASE]
	at org.springframework.beans.factory.support.DefaultListableBeanFactory.preInstantiateSingletons(DefaultListableBeanFactory.java:879) ~[spring-beans-5.2.2.RELEASE.jar:5.2.2.RELEASE]
	at org.springframework.context.support.AbstractApplicationContext.finishBeanFactoryInitialization(AbstractApplicationContext.java:878) ~[spring-context-5.2.2.RELEASE.jar:5.2.2.RELEASE]
	at org.springframework.context.support.AbstractApplicationContext.refresh(AbstractApplicationContext.java:550) ~[spring-context-5.2.2.RELEASE.jar:5.2.2.RELEASE]
	at org.springframework.boot.SpringApplication.refresh(SpringApplication.java:747) ~[spring-boot-2.2.2.RELEASE.jar:2.2.2.RELEASE]
	at org.springframework.boot.SpringApplication.refreshContext(SpringApplication.java:397) ~[spring-boot-2.2.2.RELEASE.jar:2.2.2.RELEASE]
	at org.springframework.boot.SpringApplication.run(SpringApplication.java:315) ~[spring-boot-2.2.2.RELEASE.jar:2.2.2.RELEASE]
	at org.springframework.boot.test.context.SpringBootContextLoader.loadContext(SpringBootContextLoader.java:125) ~[spring-boot-test-2.2.2.RELEASE.jar:2.2.2.RELEASE]
	at org.springframework.test.context.cache.DefaultCacheAwareContextLoaderDelegate.loadContextInternal(DefaultCacheAwareContextLoaderDelegate.java:99) ~[spring-test-5.2.2.RELEASE.jar:5.2.2.RELEASE]
	at org.springframework.test.context.cache.DefaultCacheAwareContextLoaderDelegate.loadContext(DefaultCacheAwareContextLoaderDelegate.java:124) ~[spring-test-5.2.2.RELEASE.jar:5.2.2.RELEASE]
	... 65 common frames omitted
Caused by: org.springframework.beans.factory.UnsatisfiedDependencyException: Error creating bean with name 'webMvcRequestHandlerProvider' defined in URL [jar:file:/home/bruno_silva/.m2/repository/io/springfox/springfox-spring-web/2.9.2/springfox-spring-web-2.9.2.jar!/springfox/documentation/spring/web/plugins/WebMvcRequestHandlerProvider.class]: Unsatisfied dependency expressed through constructor parameter 1; nested exception is org.springframework.beans.factory.UnsatisfiedDependencyException: Error creating bean with name 'requestMappingHandlerMapping' defined in class path resource [org/springframework/boot/autoconfigure/web/servlet/WebMvcAutoConfiguration$EnableWebMvcConfiguration.class]: Unsatisfied dependency expressed through method 'requestMappingHandlerMapping' parameter 1; nested exception is org.springframework.beans.factory.BeanCreationException: Error creating bean with name 'mvcConversionService' defined in class path resource [org/springframework/boot/autoconfigure/web/servlet/WebMvcAutoConfiguration$EnableWebMvcConfiguration.class]: Bean instantiation via factory method failed; nested exception is org.springframework.beans.BeanInstantiationException: Failed to instantiate [org.springframework.format.support.FormattingConversionService]: Factory method 'mvcConversionService' threw exception; nested exception is org.springframework.beans.factory.BeanCreationException: Error creating bean with name 'jsonSchemaConverter' defined in class path resource [org/springframework/data/rest/webmvc/config/RepositoryRestMvcConfiguration.class]: Bean instantiation via factory method failed; nested exception is org.springframework.beans.BeanInstantiationException: Failed to instantiate [org.springframework.data.rest.webmvc.json.PersistentEntityToJsonSchemaConverter]: Factory method 'jsonSchemaConverter' threw exception; nested exception is org.springframework.beans.factory.BeanCreationException: Error creating bean with name 'defaultConversionService' defined in class path resource [org/springframework/data/rest/webmvc/config/RepositoryRestMvcConfiguration.class]: Bean instantiation via factory method failed; nested exception is org.springframework.beans.BeanInstantiationException: Failed to instantiate [org.springframework.format.support.DefaultFormattingConversionService]: Factory method 'defaultConversionService' threw exception; nested exception is org.springframework.beans.factory.BeanCreationException: Error creating bean with name 'repositoryInvokerFactory' defined in class path resource [org/springframework/data/rest/webmvc/config/RepositoryRestMvcConfiguration.class]: Bean instantiation via factory method failed; nested exception is org.springframework.beans.BeanInstantiationException: Failed to instantiate [org.springframework.data.repository.support.RepositoryInvokerFactory]: Factory method 'repositoryInvokerFactory' threw exception; nested exception is java.lang.NoSuchMethodError: org.springframework.plugin.core.PluginRegistry.of(Ljava/util/List;)Lorg/springframework/plugin/core/PluginRegistry;
	at org.springframework.beans.factory.support.ConstructorResolver.createArgumentArray(ConstructorResolver.java:798) ~[spring-beans-5.2.2.RELEASE.jar:5.2.2.RELEASE]
	at org.springframework.beans.factory.support.ConstructorResolver.autowireConstructor(ConstructorResolver.java:228) ~[spring-beans-5.2.2.RELEASE.jar:5.2.2.RELEASE]
	at org.springframework.beans.factory.support.AbstractAutowireCapableBeanFactory.autowireConstructor(AbstractAutowireCapableBeanFactory.java:1358) ~[spring-beans-5.2.2.RELEASE.jar:5.2.2.RELEASE]
	at org.springframework.beans.factory.support.AbstractAutowireCapableBeanFactory.createBeanInstance(AbstractAutowireCapableBeanFactory.java:1204) ~[spring-beans-5.2.2.RELEASE.jar:5.2.2.RELEASE]
	at org.springframework.beans.factory.support.AbstractAutowireCapableBeanFactory.doCreateBean(AbstractAutowireCapableBeanFactory.java:557) ~[spring-beans-5.2.2.RELEASE.jar:5.2.2.RELEASE]
	at org.springframework.beans.factory.support.AbstractAutowireCapableBeanFactory.createBean(AbstractAutowireCapableBeanFactory.java:517) ~[spring-beans-5.2.2.RELEASE.jar:5.2.2.RELEASE]
	at org.springframework.beans.factory.support.AbstractBeanFactory.lambda$doGetBean$0(AbstractBeanFactory.java:323) ~[spring-beans-5.2.2.RELEASE.jar:5.2.2.RELEASE]
	at org.springframework.beans.factory.support.DefaultSingletonBeanRegistry.getSingleton(DefaultSingletonBeanRegistry.java:222) ~[spring-beans-5.2.2.RELEASE.jar:5.2.2.RELEASE]
	at org.springframework.beans.factory.support.AbstractBeanFactory.doGetBean(AbstractBeanFactory.java:321) ~[spring-beans-5.2.2.RELEASE.jar:5.2.2.RELEASE]
	at org.springframework.beans.factory.support.AbstractBeanFactory.getBean(AbstractBeanFactory.java:202) ~[spring-beans-5.2.2.RELEASE.jar:5.2.2.RELEASE]
	at org.springframework.beans.factory.config.DependencyDescriptor.resolveCandidate(DependencyDescriptor.java:276) ~[spring-beans-5.2.2.RELEASE.jar:5.2.2.RELEASE]
	at org.springframework.beans.factory.support.DefaultListableBeanFactory.addCandidateEntry(DefaultListableBeanFactory.java:1503) ~[spring-beans-5.2.2.RELEASE.jar:5.2.2.RELEASE]
	at org.springframework.beans.factory.support.DefaultListableBeanFactory.findAutowireCandidates(DefaultListableBeanFactory.java:1467) ~[spring-beans-5.2.2.RELEASE.jar:5.2.2.RELEASE]
	at org.springframework.beans.factory.support.DefaultListableBeanFactory.resolveMultipleBeans(DefaultListableBeanFactory.java:1358) ~[spring-beans-5.2.2.RELEASE.jar:5.2.2.RELEASE]
	at org.springframework.beans.factory.support.DefaultListableBeanFactory.doResolveDependency(DefaultListableBeanFactory.java:1245) ~[spring-beans-5.2.2.RELEASE.jar:5.2.2.RELEASE]
	at org.springframework.beans.factory.support.DefaultListableBeanFactory.resolveDependency(DefaultListableBeanFactory.java:1207) ~[spring-beans-5.2.2.RELEASE.jar:5.2.2.RELEASE]
	at org.springframework.beans.factory.support.ConstructorResolver.resolveAutowiredArgument(ConstructorResolver.java:885) ~[spring-beans-5.2.2.RELEASE.jar:5.2.2.RELEASE]
	at org.springframework.beans.factory.support.ConstructorResolver.createArgumentArray(ConstructorResolver.java:789) ~[spring-beans-5.2.2.RELEASE.jar:5.2.2.RELEASE]
	... 83 common frames omitted
Caused by: org.springframework.beans.factory.UnsatisfiedDependencyException: Error creating bean with name 'requestMappingHandlerMapping' defined in class path resource [org/springframework/boot/autoconfigure/web/servlet/WebMvcAutoConfiguration$EnableWebMvcConfiguration.class]: Unsatisfied dependency expressed through method 'requestMappingHandlerMapping' parameter 1; nested exception is org.springframework.beans.factory.BeanCreationException: Error creating bean with name 'mvcConversionService' defined in class path resource [org/springframework/boot/autoconfigure/web/servlet/WebMvcAutoConfiguration$EnableWebMvcConfiguration.class]: Bean instantiation via factory method failed; nested exception is org.springframework.beans.BeanInstantiationException: Failed to instantiate [org.springframework.format.support.FormattingConversionService]: Factory method 'mvcConversionService' threw exception; nested exception is org.springframework.beans.factory.BeanCreationException: Error creating bean with name 'jsonSchemaConverter' defined in class path resource [org/springframework/data/rest/webmvc/config/RepositoryRestMvcConfiguration.class]: Bean instantiation via factory method failed; nested exception is org.springframework.beans.BeanInstantiationException: Failed to instantiate [org.springframework.data.rest.webmvc.json.PersistentEntityToJsonSchemaConverter]: Factory method 'jsonSchemaConverter' threw exception; nested exception is org.springframework.beans.factory.BeanCreationException: Error creating bean with name 'defaultConversionService' defined in class path resource [org/springframework/data/rest/webmvc/config/RepositoryRestMvcConfiguration.class]: Bean instantiation via factory method failed; nested exception is org.springframework.beans.BeanInstantiationException: Failed to instantiate [org.springframework.format.support.DefaultFormattingConversionService]: Factory method 'defaultConversionService' threw exception; nested exception is org.springframework.beans.factory.BeanCreationException: Error creating bean with name 'repositoryInvokerFactory' defined in class path resource [org/springframework/data/rest/webmvc/config/RepositoryRestMvcConfiguration.class]: Bean instantiation via factory method failed; nested exception is org.springframework.beans.BeanInstantiationException: Failed to instantiate [org.springframework.data.repository.support.RepositoryInvokerFactory]: Factory method 'repositoryInvokerFactory' threw exception; nested exception is java.lang.NoSuchMethodError: org.springframework.plugin.core.PluginRegistry.of(Ljava/util/List;)Lorg/springframework/plugin/core/PluginRegistry;
	at org.springframework.beans.factory.support.ConstructorResolver.createArgumentArray(ConstructorResolver.java:798) ~[spring-beans-5.2.2.RELEASE.jar:5.2.2.RELEASE]
	at org.springframework.beans.factory.support.ConstructorResolver.instantiateUsingFactoryMethod(ConstructorResolver.java:539) ~[spring-beans-5.2.2.RELEASE.jar:5.2.2.RELEASE]
	at org.springframework.beans.factory.support.AbstractAutowireCapableBeanFactory.instantiateUsingFactoryMethod(AbstractAutowireCapableBeanFactory.java:1338) ~[spring-beans-5.2.2.RELEASE.jar:5.2.2.RELEASE]
	at org.springframework.beans.factory.support.AbstractAutowireCapableBeanFactory.createBeanInstance(AbstractAutowireCapableBeanFactory.java:1177) ~[spring-beans-5.2.2.RELEASE.jar:5.2.2.RELEASE]
	at org.springframework.beans.factory.support.AbstractAutowireCapableBeanFactory.doCreateBean(AbstractAutowireCapableBeanFactory.java:557) ~[spring-beans-5.2.2.RELEASE.jar:5.2.2.RELEASE]
	at org.springframework.beans.factory.support.AbstractAutowireCapableBeanFactory.createBean(AbstractAutowireCapableBeanFactory.java:517) ~[spring-beans-5.2.2.RELEASE.jar:5.2.2.RELEASE]
	at org.springframework.beans.factory.support.AbstractBeanFactory.lambda$doGetBean$0(AbstractBeanFactory.java:323) ~[spring-beans-5.2.2.RELEASE.jar:5.2.2.RELEASE]
	at org.springframework.beans.factory.support.DefaultSingletonBeanRegistry.getSingleton(DefaultSingletonBeanRegistry.java:222) ~[spring-beans-5.2.2.RELEASE.jar:5.2.2.RELEASE]
	at org.springframework.beans.factory.support.AbstractBeanFactory.doGetBean(AbstractBeanFactory.java:321) ~[spring-beans-5.2.2.RELEASE.jar:5.2.2.RELEASE]
	at org.springframework.beans.factory.support.AbstractBeanFactory.getBean(AbstractBeanFactory.java:202) ~[spring-beans-5.2.2.RELEASE.jar:5.2.2.RELEASE]
	at org.springframework.beans.factory.config.DependencyDescriptor.resolveCandidate(DependencyDescriptor.java:276) ~[spring-beans-5.2.2.RELEASE.jar:5.2.2.RELEASE]
	at org.springframework.beans.factory.support.DefaultListableBeanFactory.addCandidateEntry(DefaultListableBeanFactory.java:1503) ~[spring-beans-5.2.2.RELEASE.jar:5.2.2.RELEASE]
	at org.springframework.beans.factory.support.DefaultListableBeanFactory.findAutowireCandidates(DefaultListableBeanFactory.java:1467) ~[spring-beans-5.2.2.RELEASE.jar:5.2.2.RELEASE]
	at org.springframework.beans.factory.support.DefaultListableBeanFactory.resolveMultipleBeans(DefaultListableBeanFactory.java:1358) ~[spring-beans-5.2.2.RELEASE.jar:5.2.2.RELEASE]
	at org.springframework.beans.factory.support.DefaultListableBeanFactory.doResolveDependency(DefaultListableBeanFactory.java:1245) ~[spring-beans-5.2.2.RELEASE.jar:5.2.2.RELEASE]
	at org.springframework.beans.factory.support.DefaultListableBeanFactory.resolveDependency(DefaultListableBeanFactory.java:1207) ~[spring-beans-5.2.2.RELEASE.jar:5.2.2.RELEASE]
	at org.springframework.beans.factory.support.ConstructorResolver.resolveAutowiredArgument(ConstructorResolver.java:885) ~[spring-beans-5.2.2.RELEASE.jar:5.2.2.RELEASE]
	at org.springframework.beans.factory.support.ConstructorResolver.createArgumentArray(ConstructorResolver.java:789) ~[spring-beans-5.2.2.RELEASE.jar:5.2.2.RELEASE]
	... 100 common frames omitted
[...]
	at org.springframework.beans.factory.support.AbstractAutowireCapableBeanFactory.doCreateBean(AbstractAutowireCapableBeanFactory.java:557) ~[spring-beans-5.2.2.RELEASE.jar:5.2.2.RELEASE]
	at org.springframework.beans.factory.support.AbstractAutowireCapableBeanFactory.createBean(AbstractAutowireCapableBeanFactory.java:517) ~[spring-beans-5.2.2.RELEASE.jar:5.2.2.RELEASE]
	at org.springframework.beans.factory.support.AbstractBeanFactory.lambda$doGetBean$0(AbstractBeanFactory.java:323) ~[spring-beans-5.2.2.RELEASE.jar:5.2.2.RELEASE]
	at org.springframework.beans.factory.support.DefaultSingletonBeanRegistry.getSingleton(DefaultSingletonBeanRegistry.java:222) ~[spring-beans-5.2.2.RELEASE.jar:5.2.2.RELEASE]
	at org.springframework.beans.factory.support.AbstractBeanFactory.doGetBean(AbstractBeanFactory.java:321) ~[spring-beans-5.2.2.RELEASE.jar:5.2.2.RELEASE]
	at org.springframework.beans.factory.support.AbstractBeanFactory.getBean(AbstractBeanFactory.java:202) ~[spring-beans-5.2.2.RELEASE.jar:5.2.2.RELEASE]
	at org.springframework.beans.factory.support.DefaultListableBeanFactory.getBeansOfType(DefaultListableBeanFactory.java:617) ~[spring-beans-5.2.2.RELEASE.jar:5.2.2.RELEASE]
	at org.springframework.beans.factory.support.DefaultListableBeanFactory.getBeansOfType(DefaultListableBeanFactory.java:605) ~[spring-beans-5.2.2.RELEASE.jar:5.2.2.RELEASE]
	at org.springframework.boot.convert.ApplicationConversionService.addBeans(ApplicationConversionService.java:157) ~[spring-boot-2.2.2.RELEASE.jar:2.2.2.RELEASE]
	at org.springframework.boot.autoconfigure.web.servlet.WebMvcAutoConfiguration$WebMvcAutoConfigurationAdapter.addFormatters(WebMvcAutoConfiguration.java:295) ~[spring-boot-autoconfigure-2.2.2.RELEASE.jar:2.2.2.RELEASE]
	at org.springframework.web.servlet.config.annotation.WebMvcConfigurerComposite.addFormatters(WebMvcConfigurerComposite.java:81) ~[spring-webmvc-5.2.2.RELEASE.jar:5.2.2.RELEASE]
	at org.springframework.web.servlet.config.annotation.DelegatingWebMvcConfiguration.addFormatters(DelegatingWebMvcConfiguration.java:78) ~[spring-webmvc-5.2.2.RELEASE.jar:5.2.2.RELEASE]
	at org.springframework.boot.autoconfigure.web.servlet.WebMvcAutoConfiguration$EnableWebMvcConfiguration.mvcConversionService(WebMvcAutoConfiguration.java:428) ~[spring-boot-autoconfigure-2.2.2.RELEASE.jar:2.2.2.RELEASE]
	at sun.reflect.NativeMethodAccessorImpl.invoke0(Native Method) ~[na:1.8.0_221]
	at sun.reflect.NativeMethodAccessorImpl.invoke(NativeMethodAccessorImpl.java:62) ~[na:1.8.0_221]
	at sun.reflect.DelegatingMethodAccessorImpl.invoke(DelegatingMethodAccessorImpl.java:43) ~[na:1.8.0_221]
	at java.lang.reflect.Method.invoke(Method.java:498) ~[na:1.8.0_221]
	at org.springframework.beans.factory.support.SimpleInstantiationStrategy.instantiate(SimpleInstantiationStrategy.java:154) ~[spring-beans-5.2.2.RELEASE.jar:5.2.2.RELEASE]
	... 132 common frames omitted
Caused by: org.springframework.beans.BeanInstantiationException: Failed to instantiate [org.springframework.data.rest.webmvc.json.PersistentEntityToJsonSchemaConverter]: Factory method 'jsonSchemaConverter' threw exception; nested exception is org.springframework.beans.factory.BeanCreationException: Error creating bean with name 'defaultConversionService' defined in class path resource [org/springframework/data/rest/webmvc/config/RepositoryRestMvcConfiguration.class]: Bean instantiation via factory method failed; nested exception is org.springframework.beans.BeanInstantiationException: Failed to instantiate [org.springframework.format.support.DefaultFormattingConversionService]: Factory method 'defaultConversionService' threw exception; nested exception is org.springframework.beans.factory.BeanCreationException: Error creating bean with name 'repositoryInvokerFactory' defined in class path resource [org/springframework/data/rest/webmvc/config/RepositoryRestMvcConfiguration.class]: Bean instantiation via factory method failed; nested exception is org.springframework.beans.BeanInstantiationException: Failed to instantiate [org.springframework.data.repository.support.RepositoryInvokerFactory]: Factory method 'repositoryInvokerFactory' threw exception; nested exception is java.lang.NoSuchMethodError: org.springframework.plugin.core.PluginRegistry.of(Ljava/util/List;)Lorg/springframework/plugin/core/PluginRegistry;
	at org.springframework.beans.factory.support.SimpleInstantiationStrategy.instantiate(SimpleInstantiationStrategy.java:185) ~[spring-beans-5.2.2.RELEASE.jar:5.2.2.RELEASE]
	at org.springframework.beans.factory.support.ConstructorResolver.instantiate(ConstructorResolver.java:651) ~[spring-beans-5.2.2.RELEASE.jar:5.2.2.RELEASE]
	... 153 common frames omitted
Caused by: org.springframework.beans.factory.BeanCreationException: Error creating bean with name 'defaultConversionService' defined in class path resource [org/springframework/data/rest/webmvc/config/RepositoryRestMvcConfiguration.class]: Bean instantiation via factory method failed; nested exception is org.springframework.beans.BeanInstantiationException: Failed to instantiate [org.springframework.format.support.DefaultFormattingConversionService]: Factory method 'defaultConversionService' threw exception; nested exception is org.springframework.beans.factory.BeanCreationException: Error creating bean with name 'repositoryInvokerFactory' defined in class path resource [org/springframework/data/rest/webmvc/config/RepositoryRestMvcConfiguration.class]: Bean instantiation via factory method failed; nested exception is org.springframework.beans.BeanInstantiationException: Failed to instantiate [org.springframework.data.repository.support.RepositoryInvokerFactory]: Factory method 'repositoryInvokerFactory' threw exception; nested exception is java.lang.NoSuchMethodError: org.springframework.plugin.core.PluginRegistry.of(Ljava/util/List;)Lorg/springframework/plugin/core/PluginRegistry;
	at org.springframework.beans.factory.support.ConstructorResolver.instantiate(ConstructorResolver.java:656) ~[spring-beans-5.2.2.RELEASE.jar:5.2.2.RELEASE]
	at org.springframework.beans.factory.support.ConstructorResolver.instantiateUsingFactoryMethod(ConstructorResolver.java:484) ~[spring-beans-5.2.2.RELEASE.jar:5.2.2.RELEASE]
	at org.springframework.beans.factory.support.AbstractAutowireCapableBeanFactory.instantiateUsingFactoryMethod(AbstractAutowireCapableBeanFactory.java:1338) ~[spring-beans-5.2.2.RELEASE.jar:5.2.2.RELEASE]
	at org.springframework.beans.factory.support.AbstractAutowireCapableBeanFactory.createBeanInstance(AbstractAutowireCapableBeanFactory.java:1177) ~[spring-beans-5.2.2.RELEASE.jar:5.2.2.RELEASE]
	at org.springframework.beans.factory.support.AbstractAutowireCapableBeanFactory.doCreateBean(AbstractAutowireCapableBeanFactory.java:557) ~[spring-beans-5.2.2.RELEASE.jar:5.2.2.RELEASE]
	at org.springframework.beans.factory.support.AbstractAutowireCapableBeanFactory.createBean(AbstractAutowireCapableBeanFactory.java:517) ~[spring-beans-5.2.2.RELEASE.jar:5.2.2.RELEASE]
	at org.springframework.beans.factory.support.AbstractBeanFactory.lambda$doGetBean$0(AbstractBeanFactory.java:323) ~[spring-beans-5.2.2.RELEASE.jar:5.2.2.RELEASE]
	at org.springframework.beans.factory.support.DefaultSingletonBeanRegistry.getSingleton(DefaultSingletonBeanRegistry.java:222) ~[spring-beans-5.2.2.RELEASE.jar:5.2.2.RELEASE]
	at org.springframework.beans.factory.support.AbstractBeanFactory.doGetBean(AbstractBeanFactory.java:321) ~[spring-beans-5.2.2.RELEASE.jar:5.2.2.RELEASE]
	at org.springframework.beans.factory.support.AbstractBeanFactory.getBean(AbstractBeanFactory.java:202) ~[spring-beans-5.2.2.RELEASE.jar:5.2.2.RELEASE]
	at org.springframework.context.annotation.ConfigurationClassEnhancer$BeanMethodInterceptor.resolveBeanReference(ConfigurationClassEnhancer.java:394) ~[spring-context-5.2.2.RELEASE.jar:5.2.2.RELEASE]
	at org.springframework.context.annotation.ConfigurationClassEnhancer$BeanMethodInterceptor.intercept(ConfigurationClassEnhancer.java:366) ~[spring-context-5.2.2.RELEASE.jar:5.2.2.RELEASE]
	at org.springframework.data.rest.webmvc.config.RepositoryRestMvcConfiguration$$EnhancerBySpringCGLIB$$6eaa2e10.defaultConversionService(<generated>) ~[spring-data-rest-webmvc-3.2.3.RELEASE.jar:3.2.3.RELEASE]
	at org.springframework.data.rest.webmvc.config.RepositoryRestMvcConfiguration.persistentEntityJackson2Module(RepositoryRestMvcConfiguration.java:589) ~[spring-data-rest-webmvc-3.2.3.RELEASE.jar:3.2.3.RELEASE]
	at org.springframework.data.rest.webmvc.config.RepositoryRestMvcConfiguration.lambda$new$0(RepositoryRestMvcConfiguration.java:185) ~[spring-data-rest-webmvc-3.2.3.RELEASE.jar:3.2.3.RELEASE]
	at org.springframework.data.util.Lazy.getNullable(Lazy.java:212) ~[spring-data-commons-2.2.3.RELEASE.jar:2.2.3.RELEASE]
	at org.springframework.data.util.Lazy.get(Lazy.java:94) ~[spring-data-commons-2.2.3.RELEASE.jar:2.2.3.RELEASE]
	at org.springframework.data.rest.webmvc.config.RepositoryRestMvcConfiguration.objectMapper(RepositoryRestMvcConfiguration.java:434) ~[spring-data-rest-webmvc-3.2.3.RELEASE.jar:3.2.3.RELEASE]
	at org.springframework.data.rest.webmvc.config.RepositoryRestMvcConfiguration.jsonSchemaConverter(RepositoryRestMvcConfiguration.java:408) ~[spring-data-rest-webmvc-3.2.3.RELEASE.jar:3.2.3.RELEASE]
	at org.springframework.data.rest.webmvc.config.RepositoryRestMvcConfiguration$$EnhancerBySpringCGLIB$$6eaa2e10.CGLIB$jsonSchemaConverter$14(<generated>) ~[spring-data-rest-webmvc-3.2.3.RELEASE.jar:3.2.3.RELEASE]
	at org.springframework.data.rest.webmvc.config.RepositoryRestMvcConfiguration$$EnhancerBySpringCGLIB$$6eaa2e10$$FastClassBySpringCGLIB$$26c0645f.invoke(<generated>) ~[spring-data-rest-webmvc-3.2.3.RELEASE.jar:3.2.3.RELEASE]
	at org.springframework.cglib.proxy.MethodProxy.invokeSuper(MethodProxy.java:244) ~[spring-core-5.2.2.RELEASE.jar:5.2.2.RELEASE]
	at org.springframework.context.annotation.ConfigurationClassEnhancer$BeanMethodInterceptor.intercept(ConfigurationClassEnhancer.java:363) ~[spring-context-5.2.2.RELEASE.jar:5.2.2.RELEASE]
	at org.springframework.data.rest.webmvc.config.RepositoryRestMvcConfiguration$$EnhancerBySpringCGLIB$$6eaa2e10.jsonSchemaConverter(<generated>) ~[spring-data-rest-webmvc-3.2.3.RELEASE.jar:3.2.3.RELEASE]
	at sun.reflect.NativeMethodAccessorImpl.invoke0(Native Method) ~[na:1.8.0_221]
	at sun.reflect.NativeMethodAccessorImpl.invoke(NativeMethodAccessorImpl.java:62) ~[na:1.8.0_221]
	at sun.reflect.DelegatingMethodAccessorImpl.invoke(DelegatingMethodAccessorImpl.java:43) ~[na:1.8.0_221]
	at java.lang.reflect.Method.invoke(Method.java:498) ~[na:1.8.0_221]
	at org.springframework.beans.factory.support.SimpleInstantiationStrategy.instantiate(SimpleInstantiationStrategy.java:154) ~[spring-beans-5.2.2.RELEASE.jar:5.2.2.RELEASE]
	... 154 common frames omitted
Caused by: org.springframework.beans.BeanInstantiationException: Failed to instantiate [org.springframework.format.support.DefaultFormattingConversionService]: Factory method 'defaultConversionService' threw exception; nested exception is org.springframework.beans.factory.BeanCreationException: Error creating bean with name 'repositoryInvokerFactory' defined in class path resource [org/springframework/data/rest/webmvc/config/RepositoryRestMvcConfiguration.class]: Bean instantiation via factory method failed; nested exception is org.springframework.beans.BeanInstantiationException: Failed to instantiate [org.springframework.data.repository.support.RepositoryInvokerFactory]: Factory method 'repositoryInvokerFactory' threw exception; nested exception is java.lang.NoSuchMethodError: org.springframework.plugin.core.PluginRegistry.of(Ljava/util/List;)Lorg/springframework/plugin/core/PluginRegistry;
	at org.springframework.beans.factory.support.SimpleInstantiationStrategy.instantiate(SimpleInstantiationStrategy.java:185) ~[spring-beans-5.2.2.RELEASE.jar:5.2.2.RELEASE]
	at org.springframework.beans.factory.support.ConstructorResolver.instantiate(ConstructorResolver.java:651) ~[spring-beans-5.2.2.RELEASE.jar:5.2.2.RELEASE]
	... 182 common frames omitted
Caused by: org.springframework.beans.factory.BeanCreationException: Error creating bean with name 'repositoryInvokerFactory' defined in class path resource [org/springframework/data/rest/webmvc/config/RepositoryRestMvcConfiguration.class]: Bean instantiation via factory method failed; nested exception is org.springframework.beans.BeanInstantiationException: Failed to instantiate [org.springframework.data.repository.support.RepositoryInvokerFactory]: Factory method 'repositoryInvokerFactory' threw exception; nested exception is java.lang.NoSuchMethodError: org.springframework.plugin.core.PluginRegistry.of(Ljava/util/List;)Lorg/springframework/plugin/core/PluginRegistry;
	at org.springframework.beans.factory.support.ConstructorResolver.instantiate(ConstructorResolver.java:656) ~[spring-beans-5.2.2.RELEASE.jar:5.2.2.RELEASE]
	at org.springframework.beans.factory.support.ConstructorResolver.instantiateUsingFactoryMethod(ConstructorResolver.java:636) ~[spring-beans-5.2.2.RELEASE.jar:5.2.2.RELEASE]
	at org.springframework.beans.factory.support.AbstractAutowireCapableBeanFactory.instantiateUsingFactoryMethod(AbstractAutowireCapableBeanFactory.java:1338) ~[spring-beans-5.2.2.RELEASE.jar:5.2.2.RELEASE]
	at org.springframework.beans.factory.support.AbstractAutowireCapableBeanFactory.createBeanInstance(AbstractAutowireCapableBeanFactory.java:1177) ~[spring-beans-5.2.2.RELEASE.jar:5.2.2.RELEASE]
	at org.springframework.beans.factory.support.AbstractAutowireCapableBeanFactory.doCreateBean(AbstractAutowireCapableBeanFactory.java:557) ~[spring-beans-5.2.2.RELEASE.jar:5.2.2.RELEASE]
	at org.springframework.beans.factory.support.AbstractAutowireCapableBeanFactory.createBean(AbstractAutowireCapableBeanFactory.java:517) ~[spring-beans-5.2.2.RELEASE.jar:5.2.2.RELEASE]
	at org.springframework.beans.factory.support.AbstractBeanFactory.lambda$doGetBean$0(AbstractBeanFactory.java:323) ~[spring-beans-5.2.2.RELEASE.jar:5.2.2.RELEASE]
	at org.springframework.beans.factory.support.DefaultSingletonBeanRegistry.getSingleton(DefaultSingletonBeanRegistry.java:222) ~[spring-beans-5.2.2.RELEASE.jar:5.2.2.RELEASE]
	at org.springframework.beans.factory.support.AbstractBeanFactory.doGetBean(AbstractBeanFactory.java:321) ~[spring-beans-5.2.2.RELEASE.jar:5.2.2.RELEASE]
	at org.springframework.beans.factory.support.AbstractBeanFactory.getBean(AbstractBeanFactory.java:212) ~[spring-beans-5.2.2.RELEASE.jar:5.2.2.RELEASE]
	at org.springframework.context.annotation.ConfigurationClassEnhancer$BeanMethodInterceptor.resolveBeanReference(ConfigurationClassEnhancer.java:393) ~[spring-context-5.2.2.RELEASE.jar:5.2.2.RELEASE]
	at org.springframework.context.annotation.ConfigurationClassEnhancer$BeanMethodInterceptor.intercept(ConfigurationClassEnhancer.java:366) ~[spring-context-5.2.2.RELEASE.jar:5.2.2.RELEASE]
	at org.springframework.data.rest.webmvc.config.RepositoryRestMvcConfiguration$$EnhancerBySpringCGLIB$$6eaa2e10.repositoryInvokerFactory(<generated>) ~[spring-data-rest-webmvc-3.2.3.RELEASE.jar:3.2.3.RELEASE]
	at org.springframework.data.rest.webmvc.config.RepositoryRestMvcConfiguration.uriToEntityConverter(RepositoryRestMvcConfiguration.java:608) ~[spring-data-rest-webmvc-3.2.3.RELEASE.jar:3.2.3.RELEASE]
	at org.springframework.data.rest.webmvc.config.RepositoryRestMvcConfiguration.defaultConversionService(RepositoryRestMvcConfiguration.java:239) ~[spring-data-rest-webmvc-3.2.3.RELEASE.jar:3.2.3.RELEASE]
	at org.springframework.data.rest.webmvc.config.RepositoryRestMvcConfiguration$$EnhancerBySpringCGLIB$$6eaa2e10.CGLIB$defaultConversionService$2(<generated>) ~[spring-data-rest-webmvc-3.2.3.RELEASE.jar:3.2.3.RELEASE]
	at org.springframework.data.rest.webmvc.config.RepositoryRestMvcConfiguration$$EnhancerBySpringCGLIB$$6eaa2e10$$FastClassBySpringCGLIB$$26c0645f.invoke(<generated>) ~[spring-data-rest-webmvc-3.2.3.RELEASE.jar:3.2.3.RELEASE]
	at org.springframework.cglib.proxy.MethodProxy.invokeSuper(MethodProxy.java:244) ~[spring-core-5.2.2.RELEASE.jar:5.2.2.RELEASE]
	at org.springframework.context.annotation.ConfigurationClassEnhancer$BeanMethodInterceptor.intercept(ConfigurationClassEnhancer.java:363) ~[spring-context-5.2.2.RELEASE.jar:5.2.2.RELEASE]
	at org.springframework.data.rest.webmvc.config.RepositoryRestMvcConfiguration$$EnhancerBySpringCGLIB$$6eaa2e10.defaultConversionService(<generated>) ~[spring-data-rest-webmvc-3.2.3.RELEASE.jar:3.2.3.RELEASE]
	at sun.reflect.NativeMethodAccessorImpl.invoke0(Native Method) ~[na:1.8.0_221]
	at sun.reflect.NativeMethodAccessorImpl.invoke(NativeMethodAccessorImpl.java:62) ~[na:1.8.0_221]
	at sun.reflect.DelegatingMethodAccessorImpl.invoke(DelegatingMethodAccessorImpl.java:43) ~[na:1.8.0_221]
	at java.lang.reflect.Method.invoke(Method.java:498) ~[na:1.8.0_221]
	at org.springframework.beans.factory.support.SimpleInstantiationStrategy.instantiate(SimpleInstantiationStrategy.java:154) ~[spring-beans-5.2.2.RELEASE.jar:5.2.2.RELEASE]
	... 183 common frames omitted
Caused by: org.springframework.beans.BeanInstantiationException: Failed to instantiate [org.springframework.data.repository.support.RepositoryInvokerFactory]: Factory method 'repositoryInvokerFactory' threw exception; nested exception is java.lang.NoSuchMethodError: org.springframework.plugin.core.PluginRegistry.of(Ljava/util/List;)Lorg/springframework/plugin/core/PluginRegistry;
	at org.springframework.beans.factory.support.SimpleInstantiationStrategy.instantiate(SimpleInstantiationStrategy.java:185) ~[spring-beans-5.2.2.RELEASE.jar:5.2.2.RELEASE]
	at org.springframework.beans.factory.support.ConstructorResolver.instantiate(ConstructorResolver.java:651) ~[spring-beans-5.2.2.RELEASE.jar:5.2.2.RELEASE]
	... 207 common frames omitted
Caused by: java.lang.NoSuchMethodError: org.springframework.plugin.core.PluginRegistry.of(Ljava/util/List;)Lorg/springframework/plugin/core/PluginRegistry;
	at org.springframework.data.rest.core.support.UnwrappingRepositoryInvokerFactory.<init>(UnwrappingRepositoryInvokerFactory.java:57) ~[spring-data-rest-core-3.2.3.RELEASE.jar:3.2.3.RELEASE]
	at org.springframework.data.rest.webmvc.config.RepositoryRestMvcConfiguration.repositoryInvokerFactory(RepositoryRestMvcConfiguration.java:647) ~[spring-data-rest-webmvc-3.2.3.RELEASE.jar:3.2.3.RELEASE]
	at org.springframework.data.rest.webmvc.config.RepositoryRestMvcConfiguration$$EnhancerBySpringCGLIB$$6eaa2e10.CGLIB$repositoryInvokerFactory$26(<generated>) ~[spring-data-rest-webmvc-3.2.3.RELEASE.jar:3.2.3.RELEASE]
	at org.springframework.data.rest.webmvc.config.RepositoryRestMvcConfiguration$$EnhancerBySpringCGLIB$$6eaa2e10$$FastClassBySpringCGLIB$$26c0645f.invoke(<generated>) ~[spring-data-rest-webmvc-3.2.3.RELEASE.jar:3.2.3.RELEASE]
	at org.springframework.cglib.proxy.MethodProxy.invokeSuper(MethodProxy.java:244) ~[spring-core-5.2.2.RELEASE.jar:5.2.2.RELEASE]
	at org.springframework.context.annotation.ConfigurationClassEnhancer$BeanMethodInterceptor.intercept(ConfigurationClassEnhancer.java:363) ~[spring-context-5.2.2.RELEASE.jar:5.2.2.RELEASE]
	at org.springframework.data.rest.webmvc.config.RepositoryRestMvcConfiguration$$EnhancerBySpringCGLIB$$6eaa2e10.repositoryInvokerFactory(<generated>) ~[spring-data-rest-webmvc-3.2.3.RELEASE.jar:3.2.3.RELEASE]
	at sun.reflect.NativeMethodAccessorImpl.invoke0(Native Method) ~[na:1.8.0_221]
	at sun.reflect.NativeMethodAccessorImpl.invoke(NativeMethodAccessorImpl.java:62) ~[na:1.8.0_221]
	at sun.reflect.DelegatingMethodAccessorImpl.invoke(DelegatingMethodAccessorImpl.java:43) ~[na:1.8.0_221]
	at java.lang.reflect.Method.invoke(Method.java:498) ~[na:1.8.0_221]
	at org.springframework.beans.factory.support.SimpleInstantiationStrategy.instantiate(SimpleInstantiationStrategy.java:154) ~[spring-beans-5.2.2.RELEASE.jar:5.2.2.RELEASE]
	... 208 common frames omitted

]]></system-out>
  </testcase>
</testsuite>